00:00:04.522462 VirtualBox VM 6.1.16 r140961 win.amd64 (Oct 16 2020 16:33:17) release log
00:00:04.522468 Log opened 2021-02-01T07:58:25.236762800Z
00:00:04.522469 Build Type: release
00:00:04.522471 OS Product: Windows 10
00:00:04.522472 OS Release: 10.0.18363
00:00:04.522473 OS Service Pack: 
00:00:04.761942 DMI Product Name: 20DCA05MCD
00:00:04.770246 DMI Product Version: ThinkPad E450
00:00:04.770266 Firmware type: UEFI
00:00:04.771619 Secure Boot: Disabled
00:00:04.771632 Host RAM: 4014MB (3.9GB) total, 1210MB available
00:00:04.771635 Executable: C:\Program Files\Oracle\VirtualBox\VirtualBoxVM.exe
00:00:04.771636 Process ID: 11644
00:00:04.771637 Package type: WINDOWS_64BITS_GENERIC
00:00:04.773064 Installed Extension Packs:
00:00:04.773759   None installed!
00:00:04.774827 Console: Machine state changed to 'Starting'
00:00:04.775104 Qt version: 5.6.2
00:00:04.778877 GUI: UIMediumEnumerator: Medium-enumeration finished!
00:00:04.972059 SUP: seg #0: R   0x00000000 LB 0x00001000
00:00:04.972083 SUP: seg #1: R X 0x00001000 LB 0x0010a000
00:00:04.972089 SUP: seg #2: R   0x0010b000 LB 0x0004a000
00:00:04.972094 SUP: seg #3: RW  0x00155000 LB 0x00013000
00:00:04.972098 SUP: seg #4: R   0x00168000 LB 0x0000f000
00:00:04.972103 SUP: seg #5: RW  0x00177000 LB 0x00003000
00:00:04.972106 SUP: seg #6: R   0x0017a000 LB 0x0000b000
00:00:04.972111 SUP: seg #7: RWX 0x00185000 LB 0x00002000
00:00:04.972115 SUP: seg #8: R   0x00187000 LB 0x00007000
00:00:04.973853 SUP: Loaded VMMR0.r0 (C:\Program Files\Oracle\VirtualBox\VMMR0.r0) at 0xXXXXXXXXXXXXXXXX - ModuleInit at XXXXXXXXXXXXXXXX and ModuleTerm at XXXXXXXXXXXXXXXX using the native ring-0 loader
00:00:04.973891 SUP: VMMR0EntryEx located at XXXXXXXXXXXXXXXX and VMMR0EntryFast at XXXXXXXXXXXXXXXX
00:00:04.973895 SUP: windbg> .reload /f C:\Program Files\Oracle\VirtualBox\VMMR0.r0=0xXXXXXXXXXXXXXXXX
00:00:04.975563 Guest OS type: 'Other'
00:00:04.976272 fHMForced=true - No raw-mode support in this build!
00:00:04.979448 File system of 'D:\hos\hos\Snapshots' (snapshots) is unknown
00:00:04.979465 File system of 'D:\hos\hos\hos.vdi' is ntfs
00:00:04.980755 File system of 'D:\hos\hos.img' (Floppy) is ntfs
00:00:05.007411 Shared Clipboard: Service loaded
00:00:05.007432 Shared Clipboard: Mode: Off
00:00:05.007502 Shared Clipboard: Service running in normal mode
00:00:05.025071 Drag and drop service loaded
00:00:05.025081 Drag and drop mode: Off
00:00:05.026958 ************************* CFGM dump *************************
00:00:05.026960 [/] (level 0)
00:00:05.026963   CpuExecutionCap   <integer> = 0x0000000000000064 (100)
00:00:05.026965   EnablePAE         <integer> = 0x0000000000000000 (0)
00:00:05.026966   HMEnabled         <integer> = 0x0000000000000001 (1)
00:00:05.026967   MemBalloonSize    <integer> = 0x0000000000000000 (0)
00:00:05.026968   Name              <string>  = "hos" (cb=4)
00:00:05.026969   NumCPUs           <integer> = 0x0000000000000001 (1)
00:00:05.026970   PageFusionAllowed <integer> = 0x0000000000000000 (0)
00:00:05.026971   RamHoleSize       <integer> = 0x0000000020000000 (536 870 912, 512 MB)
00:00:05.026973   RamSize           <integer> = 0x0000000004000000 (67 108 864, 64 MB)
00:00:05.026975   TimerMillies      <integer> = 0x000000000000000a (10)
00:00:05.026976   UUID              <bytes>   = "e0 ce 9f c2 41 b3 70 41 b9 a7 77 21 52 17 e3 1d" (cb=16)
00:00:05.026983 
00:00:05.026984 [/CPUM/] (level 1)
00:00:05.026985   GuestCpuName       <string>  = "host" (cb=5)
00:00:05.026986   NestedHWVirt       <integer> = 0x0000000000000000 (0)
00:00:05.026987   PortableCpuIdLevel <integer> = 0x0000000000000000 (0)
00:00:05.026988   SpecCtrl           <integer> = 0x0000000000000000 (0)
00:00:05.026989 
00:00:05.026989 [/CPUM/IsaExts/] (level 2)
00:00:05.026990 
00:00:05.026990 [/DBGC/] (level 1)
00:00:05.026991   GlobalInitScript <string>  = "C:\Users\Administrator\.VirtualBox/dbgc-init" (cb=45)
00:00:05.026992   HistoryFile      <string>  = "C:\Users\Administrator\.VirtualBox/dbgc-history" (cb=48)
00:00:05.026993   LocalInitScript  <string>  = "D:\hos\hos/dbgc-init" (cb=21)
00:00:05.026994 
00:00:05.026994 [/DBGF/] (level 1)
00:00:05.026995   Path <string>  = "D:\hos\hos/debug/;D:\hos\hos/;cache*D:\hos\hos/dbgcache/;C:\Users\Administrator\" (cb=81)
00:00:05.026995 
00:00:05.026996 [/Devices/] (level 1)
00:00:05.026997 
00:00:05.026997 [/Devices/8237A/] (level 2)
00:00:05.026998 
00:00:05.026998 [/Devices/8237A/0/] (level 3)
00:00:05.026999   Trusted <integer> = 0x0000000000000001 (1)
00:00:05.027000 
00:00:05.027000 [/Devices/VMMDev/] (level 2)
00:00:05.027001 
00:00:05.027002 [/Devices/VMMDev/0/] (level 3)
00:00:05.027003   PCIBusNo      <integer> = 0x0000000000000000 (0)
00:00:05.027004   PCIDeviceNo   <integer> = 0x0000000000000004 (4)
00:00:05.027005   PCIFunctionNo <integer> = 0x0000000000000000 (0)
00:00:05.027006   Trusted       <integer> = 0x0000000000000001 (1)
00:00:05.027006 
00:00:05.027007 [/Devices/VMMDev/0/Config/] (level 4)
00:00:05.027008   GuestCoreDumpDir <string>  = "D:\hos\hos\Snapshots" (cb=21)
00:00:05.027009 
00:00:05.027009 [/Devices/VMMDev/0/LUN#0/] (level 4)
00:00:05.027010   Driver <string>  = "HGCM" (cb=5)
00:00:05.027011 
00:00:05.027011 [/Devices/VMMDev/0/LUN#0/Config/] (level 5)
00:00:05.027012   Object <integer> = 0x000000000666a460 (107 390 048)
00:00:05.027013 
00:00:05.027014 [/Devices/VMMDev/0/LUN#999/] (level 4)
00:00:05.027015   Driver <string>  = "MainStatus" (cb=11)
00:00:05.027015 
00:00:05.027016 [/Devices/VMMDev/0/LUN#999/Config/] (level 5)
00:00:05.027017   First   <integer> = 0x0000000000000000 (0)
00:00:05.027018   Last    <integer> = 0x0000000000000000 (0)
00:00:05.027018   papLeds <integer> = 0x000000000213a6b0 (34 842 288)
00:00:05.027019 
00:00:05.027020 [/Devices/acpi/] (level 2)
00:00:05.027021 
00:00:05.027021 [/Devices/acpi/0/] (level 3)
00:00:05.027022   PCIBusNo      <integer> = 0x0000000000000000 (0)
00:00:05.027023   PCIDeviceNo   <integer> = 0x0000000000000007 (7)
00:00:05.027023   PCIFunctionNo <integer> = 0x0000000000000000 (0)
00:00:05.027024   Trusted       <integer> = 0x0000000000000001 (1)
00:00:05.027025 
00:00:05.027025 [/Devices/acpi/0/Config/] (level 4)
00:00:05.027026   CpuHotPlug          <integer> = 0x0000000000000000 (0)
00:00:05.027027   FdcEnabled          <integer> = 0x0000000000000001 (1)
00:00:05.027028   HostBusPciAddress   <integer> = 0x0000000000000000 (0)
00:00:05.027029   HpetEnabled         <integer> = 0x0000000000000000 (0)
00:00:05.027030   IOAPIC              <integer> = 0x0000000000000000 (0)
00:00:05.027030   IocPciAddress       <integer> = 0x0000000000010000 (65 536)
00:00:05.027031   NumCPUs             <integer> = 0x0000000000000001 (1)
00:00:05.027032   Parallel0IoPortBase <integer> = 0x0000000000000000 (0)
00:00:05.027033   Parallel0Irq        <integer> = 0x0000000000000000 (0)
00:00:05.027034   Parallel1IoPortBase <integer> = 0x0000000000000000 (0)
00:00:05.027035   Parallel1Irq        <integer> = 0x0000000000000000 (0)
00:00:05.027035   Serial0IoPortBase   <integer> = 0x0000000000000000 (0)
00:00:05.027036   Serial0Irq          <integer> = 0x0000000000000000 (0)
00:00:05.027037   Serial1IoPortBase   <integer> = 0x0000000000000000 (0)
00:00:05.027037   Serial1Irq          <integer> = 0x0000000000000000 (0)
00:00:05.027038   ShowCpu             <integer> = 0x0000000000000000 (0)
00:00:05.027039   ShowRtc             <integer> = 0x0000000000000000 (0)
00:00:05.027040   SmcEnabled          <integer> = 0x0000000000000000 (0)
00:00:05.027041 
00:00:05.027041 [/Devices/acpi/0/LUN#0/] (level 4)
00:00:05.027042   Driver <string>  = "ACPIHost" (cb=9)
00:00:05.027043 
00:00:05.027043 [/Devices/acpi/0/LUN#0/Config/] (level 5)
00:00:05.027044 
00:00:05.027044 [/Devices/apic/] (level 2)
00:00:05.027045 
00:00:05.027045 [/Devices/apic/0/] (level 3)
00:00:05.027046   Trusted <integer> = 0x0000000000000001 (1)
00:00:05.027047 
00:00:05.027047 [/Devices/apic/0/Config/] (level 4)
00:00:05.027048   IOAPIC  <integer> = 0x0000000000000000 (0)
00:00:05.027049   Mode    <integer> = 0x0000000000000002 (2)
00:00:05.027050   NumCPUs <integer> = 0x0000000000000001 (1)
00:00:05.027050 
00:00:05.027051 [/Devices/e1000/] (level 2)
00:00:05.027051 
00:00:05.027052 [/Devices/i82078/] (level 2)
00:00:05.027052 
00:00:05.027053 [/Devices/i82078/0/] (level 3)
00:00:05.027054   Trusted <integer> = 0x0000000000000001 (1)
00:00:05.027054 
00:00:05.027055 [/Devices/i82078/0/Config/] (level 4)
00:00:05.027056   DMA       <integer> = 0x0000000000000002 (2)
00:00:05.027057   IOBase    <integer> = 0x00000000000003f0 (1 008)
00:00:05.027058   IRQ       <integer> = 0x0000000000000006 (6)
00:00:05.027058   MemMapped <integer> = 0x0000000000000000 (0)
00:00:05.027059 
00:00:05.027059 [/Devices/i82078/0/LUN#0/] (level 4)
00:00:05.027060   Driver <string>  = "VD" (cb=3)
00:00:05.027061 
00:00:05.027061 [/Devices/i82078/0/LUN#0/Config/] (level 5)
00:00:05.027063   Format        <string>  = "RAW" (cb=4)
00:00:05.027063   MaybeReadOnly <integer> = 0x0000000000000001 (1)
00:00:05.027064   Mountable     <integer> = 0x0000000000000001 (1)
00:00:05.027065   Path          <string>  = "D:\hos\hos.img" (cb=15)
00:00:05.027066   Type          <string>  = "Floppy 1.44" (cb=12)
00:00:05.027067 
00:00:05.027067 [/Devices/i82078/0/LUN#999/] (level 4)
00:00:05.027068   Driver <string>  = "MainStatus" (cb=11)
00:00:05.027068 
00:00:05.027069 [/Devices/i82078/0/LUN#999/Config/] (level 5)
00:00:05.027070   DeviceInstance        <string>  = "i82078/0" (cb=9)
00:00:05.027071   First                 <integer> = 0x0000000000000000 (0)
00:00:05.027072   Last                  <integer> = 0x0000000000000001 (1)
00:00:05.027073   pConsole              <integer> = 0x0000000002139df0 (34 840 048)
00:00:05.027074   papLeds               <integer> = 0x000000000213a200 (34 841 088)
00:00:05.027075   pmapMediumAttachments <integer> = 0x000000000213a6d0 (34 842 320)
00:00:05.027076 
00:00:05.027077 [/Devices/i8254/] (level 2)
00:00:05.027077 
00:00:05.027078 [/Devices/i8254/0/] (level 3)
00:00:05.027079 
00:00:05.027079 [/Devices/i8254/0/Config/] (level 4)
00:00:05.027080 
00:00:05.027080 [/Devices/i8259/] (level 2)
00:00:05.027081 
00:00:05.027081 [/Devices/i8259/0/] (level 3)
00:00:05.027082   Trusted <integer> = 0x0000000000000001 (1)
00:00:05.027083 
00:00:05.027083 [/Devices/i8259/0/Config/] (level 4)
00:00:05.027084 
00:00:05.027085 [/Devices/ichac97/] (level 2)
00:00:05.027085 
00:00:05.027086 [/Devices/ichac97/0/] (level 3)
00:00:05.027086   PCIBusNo      <integer> = 0x0000000000000000 (0)
00:00:05.027087   PCIDeviceNo   <integer> = 0x0000000000000005 (5)
00:00:05.027088   PCIFunctionNo <integer> = 0x0000000000000000 (0)
00:00:05.027089   Trusted       <integer> = 0x0000000000000001 (1)
00:00:05.027089 
00:00:05.027090 [/Devices/ichac97/0/AudioConfig/] (level 4)
00:00:05.027091 
00:00:05.027091 [/Devices/ichac97/0/Config/] (level 4)
00:00:05.027092   Codec        <string>  = "STAC9700" (cb=9)
00:00:05.027093   DebugEnabled <integer> = 0x0000000000000000 (0)
00:00:05.027093 
00:00:05.027094 [/Devices/ichac97/0/LUN#0/] (level 4)
00:00:05.027095   Driver <string>  = "AUDIO" (cb=6)
00:00:05.027095 
00:00:05.027096 [/Devices/ichac97/0/LUN#0/AttachedDriver/] (level 5)
00:00:05.027097   Driver <string>  = "DSoundAudio" (cb=12)
00:00:05.027098 
00:00:05.027098 [/Devices/ichac97/0/LUN#0/AttachedDriver/Config/] (level 6)
00:00:05.027099   StreamName <string>  = "hos" (cb=4)
00:00:05.027100 
00:00:05.027100 [/Devices/ichac97/0/LUN#0/Config/] (level 5)
00:00:05.027101   BufferSizeMs    <integer> = 0x0000000000000000 (0)
00:00:05.027102   DriverName      <string>  = "DSoundAudio" (cb=12)
00:00:05.027103   InputEnabled    <integer> = 0x0000000000000000 (0)
00:00:05.027103   OutputEnabled   <integer> = 0x0000000000000001 (1)
00:00:05.027104   PeriodSizeMs    <integer> = 0x0000000000000000 (0)
00:00:05.027105   PreBufferSizeMs <integer> = 0x00000000ffffffff (4 294 967 295)
00:00:05.027106 
00:00:05.027106 [/Devices/ichac97/0/LUN#1/] (level 4)
00:00:05.027107   Driver <string>  = "AUDIO" (cb=6)
00:00:05.027108 
00:00:05.027108 [/Devices/ichac97/0/LUN#2/] (level 4)
00:00:05.027109   Driver <string>  = "AUDIO" (cb=6)
00:00:05.027110 
00:00:05.027110 [/Devices/mc146818/] (level 2)
00:00:05.027111 
00:00:05.027111 [/Devices/mc146818/0/] (level 3)
00:00:05.027112 
00:00:05.027113 [/Devices/mc146818/0/Config/] (level 4)
00:00:05.027114   UseUTC <integer> = 0x0000000000000000 (0)
00:00:05.027114 
00:00:05.027115 [/Devices/parallel/] (level 2)
00:00:05.027116 
00:00:05.027116 [/Devices/pcarch/] (level 2)
00:00:05.027117 
00:00:05.027117 [/Devices/pcarch/0/] (level 3)
00:00:05.027118   Trusted <integer> = 0x0000000000000001 (1)
00:00:05.027119 
00:00:05.027119 [/Devices/pcarch/0/Config/] (level 4)
00:00:05.027120 
00:00:05.027121 [/Devices/pcbios/] (level 2)
00:00:05.027121 
00:00:05.027122 [/Devices/pcbios/0/] (level 3)
00:00:05.027122   Trusted <integer> = 0x0000000000000001 (1)
00:00:05.027123 
00:00:05.027123 [/Devices/pcbios/0/Config/] (level 4)
00:00:05.027125   APIC           <integer> = 0x0000000000000001 (1)
00:00:05.027126   BootDevice0    <string>  = "FLOPPY" (cb=7)
00:00:05.027126   BootDevice1    <string>  = "DVD" (cb=4)
00:00:05.027127   BootDevice2    <string>  = "IDE" (cb=4)
00:00:05.027128   BootDevice3    <string>  = "NONE" (cb=5)
00:00:05.027128   FloppyDevice   <string>  = "i82078" (cb=7)
00:00:05.027129   HardDiskDevice <string>  = "piix3ide" (cb=9)
00:00:05.027130   IOAPIC         <integer> = 0x0000000000000000 (0)
00:00:05.027130   McfgBase       <integer> = 0x0000000000000000 (0)
00:00:05.027131   McfgLength     <integer> = 0x0000000000000000 (0)
00:00:05.027132   NumCPUs        <integer> = 0x0000000000000001 (1)
00:00:05.027133   PXEDebug       <integer> = 0x0000000000000000 (0)
00:00:05.027133   UUID           <bytes>   = "e0 ce 9f c2 41 b3 70 41 b9 a7 77 21 52 17 e3 1d" (cb=16)
00:00:05.027136   UuidLe         <integer> = 0x0000000000000001 (1)
00:00:05.027136 
00:00:05.027137 [/Devices/pcbios/0/Config/NetBoot/] (level 5)
00:00:05.027138 
00:00:05.027138 [/Devices/pcbios/0/Config/NetBoot/0/] (level 6)
00:00:05.027139   NIC           <integer> = 0x0000000000000000 (0)
00:00:05.027140   PCIBusNo      <integer> = 0x0000000000000000 (0)
00:00:05.027141   PCIDeviceNo   <integer> = 0x0000000000000003 (3)
00:00:05.027142   PCIFunctionNo <integer> = 0x0000000000000000 (0)
00:00:05.027142 
00:00:05.027143 [/Devices/pci/] (level 2)
00:00:05.027143 
00:00:05.027144 [/Devices/pci/0/] (level 3)
00:00:05.027145   Trusted <integer> = 0x0000000000000001 (1)
00:00:05.027145 
00:00:05.027146 [/Devices/pci/0/Config/] (level 4)
00:00:05.027147   IOAPIC <integer> = 0x0000000000000000 (0)
00:00:05.027147 
00:00:05.027148 [/Devices/pcibridge/] (level 2)
00:00:05.027149 
00:00:05.027149 [/Devices/pckbd/] (level 2)
00:00:05.027150 
00:00:05.027150 [/Devices/pckbd/0/] (level 3)
00:00:05.027151   Trusted <integer> = 0x0000000000000001 (1)
00:00:05.027151 
00:00:05.027152 [/Devices/pckbd/0/Config/] (level 4)
00:00:05.027153 
00:00:05.027153 [/Devices/pckbd/0/LUN#0/] (level 4)
00:00:05.027154   Driver <string>  = "KeyboardQueue" (cb=14)
00:00:05.027155 
00:00:05.027155 [/Devices/pckbd/0/LUN#0/AttachedDriver/] (level 5)
00:00:05.027156   Driver <string>  = "MainKeyboard" (cb=13)
00:00:05.027157 
00:00:05.027157 [/Devices/pckbd/0/LUN#0/AttachedDriver/Config/] (level 6)
00:00:05.027158   Object <integer> = 0x0000000001f22990 (32 647 568)
00:00:05.027159 
00:00:05.027160 [/Devices/pckbd/0/LUN#0/Config/] (level 5)
00:00:05.027161   QueueSize <integer> = 0x0000000000000040 (64)
00:00:05.027162 
00:00:05.027162 [/Devices/pckbd/0/LUN#1/] (level 4)
00:00:05.027163   Driver <string>  = "MouseQueue" (cb=11)
00:00:05.027164 
00:00:05.027164 [/Devices/pckbd/0/LUN#1/AttachedDriver/] (level 5)
00:00:05.027165   Driver <string>  = "MainMouse" (cb=10)
00:00:05.027166 
00:00:05.027166 [/Devices/pckbd/0/LUN#1/AttachedDriver/Config/] (level 6)
00:00:05.027167   Object <integer> = 0x0000000002047eb0 (33 849 008)
00:00:05.027168 
00:00:05.027168 [/Devices/pckbd/0/LUN#1/Config/] (level 5)
00:00:05.027169   QueueSize <integer> = 0x0000000000000080 (128)
00:00:05.027170 
00:00:05.027171 [/Devices/pcnet/] (level 2)
00:00:05.027171 
00:00:05.027172 [/Devices/pcnet/0/] (level 3)
00:00:05.027173   PCIBusNo      <integer> = 0x0000000000000000 (0)
00:00:05.027173   PCIDeviceNo   <integer> = 0x0000000000000003 (3)
00:00:05.027174   PCIFunctionNo <integer> = 0x0000000000000000 (0)
00:00:05.027175   Trusted       <integer> = 0x0000000000000001 (1)
00:00:05.027175 
00:00:05.027176 [/Devices/pcnet/0/Config/] (level 4)
00:00:05.027177   CableConnected <integer> = 0x0000000000000001 (1)
00:00:05.027177   ChipType       <string>  = "Am79C973" (cb=9)
00:00:05.027178   LineSpeed      <integer> = 0x0000000000000000 (0)
00:00:05.027179   MAC            <bytes>   = "08 00 27 f1 d6 75" (cb=6)
00:00:05.027180 
00:00:05.027180 [/Devices/pcnet/0/LUN#0/] (level 4)
00:00:05.027181   Driver <string>  = "NAT" (cb=4)
00:00:05.027182 
00:00:05.027182 [/Devices/pcnet/0/LUN#0/Config/] (level 5)
00:00:05.027183   AliasMode       <integer> = 0x0000000000000000 (0)
00:00:05.027184   BootFile        <string>  = "hos.pxe" (cb=8)
00:00:05.027185   DNSProxy        <integer> = 0x0000000000000000 (0)
00:00:05.027185   Network         <string>  = "10.0.2.0/24" (cb=12)
00:00:05.027186   PassDomain      <integer> = 0x0000000000000001 (1)
00:00:05.027187   TFTPPrefix      <string>  = "C:\Users\Administrator\.VirtualBox\TFTP" (cb=40)
00:00:05.027188   UseHostResolver <integer> = 0x0000000000000000 (0)
00:00:05.027188 
00:00:05.027189 [/Devices/pcnet/0/LUN#999/] (level 4)
00:00:05.027189   Driver <string>  = "MainStatus" (cb=11)
00:00:05.027190 
00:00:05.027190 [/Devices/pcnet/0/LUN#999/Config/] (level 5)
00:00:05.027191   First   <integer> = 0x0000000000000000 (0)
00:00:05.027192   Last    <integer> = 0x0000000000000000 (0)
00:00:05.027193   papLeds <integer> = 0x000000000213a590 (34 842 000)
00:00:05.027194 
00:00:05.027194 [/Devices/piix3ide/] (level 2)
00:00:05.027195 
00:00:05.027195 [/Devices/piix3ide/0/] (level 3)
00:00:05.027196   PCIBusNo      <integer> = 0x0000000000000000 (0)
00:00:05.027197   PCIDeviceNo   <integer> = 0x0000000000000001 (1)
00:00:05.027197   PCIFunctionNo <integer> = 0x0000000000000001 (1)
00:00:05.027198   Trusted       <integer> = 0x0000000000000001 (1)
00:00:05.027199 
00:00:05.027199 [/Devices/piix3ide/0/Config/] (level 4)
00:00:05.027200   Type <string>  = "PIIX4" (cb=6)
00:00:05.027201 
00:00:05.027201 [/Devices/piix3ide/0/LUN#0/] (level 4)
00:00:05.027202   Driver <string>  = "VD" (cb=3)
00:00:05.027203 
00:00:05.027203 [/Devices/piix3ide/0/LUN#0/Config/] (level 5)
00:00:05.027204   Format    <string>  = "VDI" (cb=4)
00:00:05.027205   Mountable <integer> = 0x0000000000000000 (0)
00:00:05.027205   Path      <string>  = "D:\hos\hos\hos.vdi" (cb=19)
00:00:05.027206   Type      <string>  = "HardDisk" (cb=9)
00:00:05.027207 
00:00:05.027207 [/Devices/piix3ide/0/LUN#0/Config/VDConfig/] (level 6)
00:00:05.027208   AllocationBlockSize <string>  = "1048576" (cb=8)
00:00:05.027209 
00:00:05.027209 [/Devices/piix3ide/0/LUN#2/] (level 4)
00:00:05.027210   Driver <string>  = "VD" (cb=3)
00:00:05.027211 
00:00:05.027211 [/Devices/piix3ide/0/LUN#2/Config/] (level 5)
00:00:05.027212   EmptyDrive <integer> = 0x0000000000000001 (1)
00:00:05.027213   Mountable  <integer> = 0x0000000000000001 (1)
00:00:05.027213   Type       <string>  = "DVD" (cb=4)
00:00:05.027214 
00:00:05.027214 [/Devices/piix3ide/0/LUN#999/] (level 4)
00:00:05.027215   Driver <string>  = "MainStatus" (cb=11)
00:00:05.027216 
00:00:05.027216 [/Devices/piix3ide/0/LUN#999/Config/] (level 5)
00:00:05.027217   DeviceInstance        <string>  = "piix3ide/0" (cb=11)
00:00:05.027218   First                 <integer> = 0x0000000000000000 (0)
00:00:05.027219   Last                  <integer> = 0x0000000000000003 (3)
00:00:05.027220   pConsole              <integer> = 0x0000000002139df0 (34 840 048)
00:00:05.027221   papLeds               <integer> = 0x000000000213a210 (34 841 104)
00:00:05.027222   pmapMediumAttachments <integer> = 0x000000000213a6d0 (34 842 320)
00:00:05.027223 
00:00:05.027223 [/Devices/serial/] (level 2)
00:00:05.027224 
00:00:05.027224 [/Devices/usb-ohci/] (level 2)
00:00:05.027225 
00:00:05.027225 [/Devices/usb-ohci/0/] (level 3)
00:00:05.027226   PCIBusNo      <integer> = 0x0000000000000000 (0)
00:00:05.027227   PCIDeviceNo   <integer> = 0x0000000000000006 (6)
00:00:05.027228   PCIFunctionNo <integer> = 0x0000000000000000 (0)
00:00:05.027228   Trusted       <integer> = 0x0000000000000001 (1)
00:00:05.027229 
00:00:05.027229 [/Devices/usb-ohci/0/Config/] (level 4)
00:00:05.027230 
00:00:05.027231 [/Devices/usb-ohci/0/LUN#0/] (level 4)
00:00:05.027232   Driver <string>  = "VUSBRootHub" (cb=12)
00:00:05.027232 
00:00:05.027233 [/Devices/usb-ohci/0/LUN#0/Config/] (level 5)
00:00:05.027234 
00:00:05.027234 [/Devices/usb-ohci/0/LUN#999/] (level 4)
00:00:05.027235   Driver <string>  = "MainStatus" (cb=11)
00:00:05.027235 
00:00:05.027236 [/Devices/usb-ohci/0/LUN#999/Config/] (level 5)
00:00:05.027237   First   <integer> = 0x0000000000000000 (0)
00:00:05.027237   Last    <integer> = 0x0000000000000000 (0)
00:00:05.027238   papLeds <integer> = 0x000000000213a6b8 (34 842 296)
00:00:05.027239 
00:00:05.027239 [/Devices/vga/] (level 2)
00:00:05.027240 
00:00:05.027240 [/Devices/vga/0/] (level 3)
00:00:05.027241   PCIBusNo      <integer> = 0x0000000000000000 (0)
00:00:05.027242   PCIDeviceNo   <integer> = 0x0000000000000002 (2)
00:00:05.027243   PCIFunctionNo <integer> = 0x0000000000000000 (0)
00:00:05.027243   Trusted       <integer> = 0x0000000000000001 (1)
00:00:05.027244 
00:00:05.027244 [/Devices/vga/0/Config/] (level 4)
00:00:05.027246   3DEnabled        <integer> = 0x0000000000000000 (0)
00:00:05.027246   CustomVideoModes <integer> = 0x0000000000000000 (0)
00:00:05.027247   FadeIn           <integer> = 0x0000000000000001 (1)
00:00:05.027248   FadeOut          <integer> = 0x0000000000000001 (1)
00:00:05.027248   HeightReduction  <integer> = 0x0000000000000000 (0)
00:00:05.027249   LogoFile         <string>  = "" (cb=1)
00:00:05.027250   LogoTime         <integer> = 0x0000000000000000 (0)
00:00:05.027251   MonitorCount     <integer> = 0x0000000000000001 (1)
00:00:05.027251   ShowBootMenu     <integer> = 0x0000000000000002 (2)
00:00:05.027252   VRamSize         <integer> = 0x0000000000600000 (6 291 456, 6 MB)
00:00:05.027254 
00:00:05.027254 [/Devices/vga/0/LUN#0/] (level 4)
00:00:05.027255   Driver <string>  = "MainDisplay" (cb=12)
00:00:05.027255 
00:00:05.027256 [/Devices/vga/0/LUN#0/Config/] (level 5)
00:00:05.027257   Object <integer> = 0x00000000020fc060 (34 586 720)
00:00:05.027258 
00:00:05.027258 [/Devices/vga/0/LUN#999/] (level 4)
00:00:05.027259   Driver <string>  = "MainStatus" (cb=11)
00:00:05.027259 
00:00:05.027260 [/Devices/vga/0/LUN#999/Config/] (level 5)
00:00:05.027261   First   <integer> = 0x0000000000000000 (0)
00:00:05.027261   Last    <integer> = 0x0000000000000000 (0)
00:00:05.027262   papLeds <integer> = 0x000000000213a6c8 (34 842 312)
00:00:05.027263 
00:00:05.027263 [/Devices/virtio-net/] (level 2)
00:00:05.027264 
00:00:05.027265 [/EM/] (level 1)
00:00:05.027265   TripleFaultReset <integer> = 0x0000000000000000 (0)
00:00:05.027266 
00:00:05.027266 [/GIM/] (level 1)
00:00:05.027267   Provider <string>  = "None" (cb=5)
00:00:05.027268 
00:00:05.027268 [/HM/] (level 1)
00:00:05.027269   64bitEnabled       <integer> = 0x0000000000000000 (0)
00:00:05.027270   EnableLargePages   <integer> = 0x0000000000000001 (1)
00:00:05.027271   EnableNestedPaging <integer> = 0x0000000000000001 (1)
00:00:05.027271   EnableUX           <integer> = 0x0000000000000001 (1)
00:00:05.027272   EnableVPID         <integer> = 0x0000000000000001 (1)
00:00:05.027273   Exclusive          <integer> = 0x0000000000000000 (0)
00:00:05.027274   HMForced           <integer> = 0x0000000000000001 (1)
00:00:05.027275   IBPBOnVMEntry      <integer> = 0x0000000000000000 (0)
00:00:05.027275   IBPBOnVMExit       <integer> = 0x0000000000000000 (0)
00:00:05.027276   L1DFlushOnSched    <integer> = 0x0000000000000001 (1)
00:00:05.027277   L1DFlushOnVMEntry  <integer> = 0x0000000000000000 (0)
00:00:05.027277   MDSClearOnSched    <integer> = 0x0000000000000001 (1)
00:00:05.027278   MDSClearOnVMEntry  <integer> = 0x0000000000000000 (0)
00:00:05.027279   SpecCtrlByHost     <integer> = 0x0000000000000000 (0)
00:00:05.027279   UseNEMInstead      <integer> = 0x0000000000000000 (0)
00:00:05.027280 
00:00:05.027280 [/MM/] (level 1)
00:00:05.027281   CanUseLargerHeap <integer> = 0x0000000000000000 (0)
00:00:05.027282 
00:00:05.027282 [/NEM/] (level 1)
00:00:05.027283   Allow64BitGuests <integer> = 0x0000000000000000 (0)
00:00:05.027283 
00:00:05.027284 [/PDM/] (level 1)
00:00:05.027284 
00:00:05.027285 [/PDM/AsyncCompletion/] (level 2)
00:00:05.027285 
00:00:05.027286 [/PDM/AsyncCompletion/File/] (level 3)
00:00:05.027287 
00:00:05.027287 [/PDM/AsyncCompletion/File/BwGroups/] (level 4)
00:00:05.027288 
00:00:05.027288 [/PDM/BlkCache/] (level 2)
00:00:05.027289   CacheSize <integer> = 0x0000000000500000 (5 242 880, 5 MB)
00:00:05.027291 
00:00:05.027291 [/PDM/Devices/] (level 2)
00:00:05.027292 
00:00:05.027292 [/PDM/Drivers/] (level 2)
00:00:05.027293 
00:00:05.027293 [/PDM/Drivers/VBoxC/] (level 3)
00:00:05.027294   Path <string>  = "VBoxC" (cb=6)
00:00:05.027295 
00:00:05.027295 [/PDM/NetworkShaper/] (level 2)
00:00:05.027296 
00:00:05.027296 [/PDM/NetworkShaper/BwGroups/] (level 3)
00:00:05.027297 
00:00:05.027297 [/TM/] (level 1)
00:00:05.027298   UTCOffset <integer> = 0x0000000000000000 (0)
00:00:05.027299 
00:00:05.027299 [/USB/] (level 1)
00:00:05.027300 
00:00:05.027300 [/USB/USBProxy/] (level 2)
00:00:05.027301 
00:00:05.027301 [/USB/USBProxy/GlobalConfig/] (level 3)
00:00:05.027302 
00:00:05.027302 ********************* End of CFGM dump **********************
00:00:05.027363 HM: HMR3Init: Attempting fall back to NEM: VT-x is not available
00:00:05.105218 NEM: WHvCapabilityCodeHypervisorPresent is TRUE, so this might work...
00:00:05.105233 NEM: WHvCapabilityCodeExtendedVmExits      = 0x0000000000000007
00:00:05.105238 NEM:                       fExtendedMsrExit: 1
00:00:05.105242 NEM:                     fExtendedCpuIdExit: 1
00:00:05.105245 NEM:                      fExtendedXcptExit: 1
00:00:05.105249 NEM: Warning! Unknown feature definitions: 0x1f
00:00:05.105255 NEM: Supported exception exit bitmap: 0x1
00:00:05.105260 NEM: WHvCapabilityCodeProcessorVendor      = 1 - Intel
00:00:05.105267 NEM: WHvCapabilityCodeProcessorFeatures    = 0x00817840e7f7859f
00:00:05.105271 NEM:                            Sse3Support: 1
00:00:05.105275 NEM:                        LahfSahfSupport: 1
00:00:05.105278 NEM:                           Ssse3Support: 1
00:00:05.105281 NEM:                          Sse4_1Support: 1
00:00:05.105284 NEM:                          Sse4_2Support: 1
00:00:05.105287 NEM:                           Sse4aSupport: 0
00:00:05.105290 NEM:                             XopSupport: 0
00:00:05.105293 NEM:                          PopCntSupport: 1
00:00:05.105296 NEM:                      Cmpxchg16bSupport: 1
00:00:05.105299 NEM:                       Altmovcr8Support: 0
00:00:05.105302 NEM:                           LzcntSupport: 1
00:00:05.105305 NEM:                     MisAlignSseSupport: 0
00:00:05.105308 NEM:                          MmxExtSupport: 0
00:00:05.105311 NEM:                        Amd3DNowSupport: 0
00:00:05.105316 NEM:                ExtendedAmd3DNowSupport: 0
00:00:05.105320 NEM:                         Page1GbSupport: 1
00:00:05.105323 NEM:                             AesSupport: 1
00:00:05.105326 NEM:                       PclmulqdqSupport: 1
00:00:05.105329 NEM:                            PcidSupport: 1
00:00:05.105332 NEM:                            Fma4Support: 0
00:00:05.105335 NEM:                            F16CSupport: 1
00:00:05.105338 NEM:                          RdRandSupport: 1
00:00:05.105341 NEM:                        RdWrFsGsSupport: 1
00:00:05.105390 NEM:                            SmepSupport: 1
00:00:05.105396 NEM:              EnhancedFastStringSupport: 1
00:00:05.105399 NEM:                            Bmi1Support: 1
00:00:05.105402 NEM:                            Bmi2Support: 1
00:00:05.105405 NEM:                           MovbeSupport: 1
00:00:05.105408 NEM:                          Npiep1Support: 1
00:00:05.105411 NEM:                   DepX87FPUSaveSupport: 1
00:00:05.105414 NEM:                          RdSeedSupport: 0
00:00:05.105417 NEM:                             AdxSupport: 0
00:00:05.105420 NEM:                   IntelPrefetchSupport: 0
00:00:05.105423 NEM:                            SmapSupport: 0
00:00:05.105426 NEM:                             HleSupport: 0
00:00:05.105429 NEM:                             RtmSupport: 0
00:00:05.105432 NEM:                          RdtscpSupport: 1
00:00:05.105435 NEM:                      ClflushoptSupport: 0
00:00:05.105438 NEM:                            ClwbSupport: 0
00:00:05.105441 NEM:                             ShaSupport: 0
00:00:05.105444 NEM:                X87PointersSavedSupport: 0
00:00:05.105447 NEM: Warning! Unknown CPU features: 0x817840e7f7859f
00:00:05.105457 NEM: WHvCapabilityCodeProcessorClFlushSize = 2^8
00:00:05.105760 NEM: Warning! Unknown capability 0x1003 returning: 1f 00 00 00 00 00 00 00
00:00:05.106614 NEM: VidGetHvPartitionId            -> fun:0x2210a7 in:0x0 out:0x8
00:00:05.106622 NEM: VidStartVirtualProcessor       -> fun:0x221174 in:0x4 out:0x0
00:00:05.106625 NEM: VidStopVirtualProcessor        -> fun:0x221180 in:0x4 out:0x0
00:00:05.106630 NEM: VidMessageSlotHandleAndGetNext -> fun:0x2210df in:0x8 out:0x0
00:00:05.106974 NEM: Created partition 0000000001b51bf0.
00:00:05.107068 NEM: NEMR3Init: Active.
00:00:05.107079 MM: cbHyperHeap=0x200000 (2097152)
00:00:05.110861 CPUM: No hardware-virtualization capability detected
00:00:05.112076 CPUM: fXStateHostMask=0x7; initial: 0x7; host XCR0=0x7
00:00:05.113592 CPUM: Matched host CPU INTEL 0x6/0x45/0x1 Intel_Core7_Haswell with CPU DB entry 'Intel Core i7-5600U' (INTEL 0x6/0x3d/0x4 Intel_Core7_Broadwell)
00:00:05.113643 CPUM: MXCSR_MASK=0xffff (host: 0xffff)
00:00:05.113656 CPUM: Microcode revision 0x00000025
00:00:05.113671 CPUM: MSR/CPUID reconciliation insert: 0x0000010b IA32_FLUSH_CMD
00:00:05.113677 CPUM: MSR/CPUID reconciliation insert: 0x0000010a IA32_ARCH_CAPABILITIES
00:00:05.113682 CPUM: MSR fudge: 0x00000122 IA32_TSX_CTRL
00:00:05.113698 CPUM: SetGuestCpuIdFeature: Enabled SYSENTER/EXIT
00:00:05.120739 NEM: Successfully set up partition (device handle 0000000000000c88, partition ID 0x23)
00:00:05.120783 NEM: Memory balance: 0x85 out of 0x17b pages in use
00:00:05.121046 PGM: Host paging mode: AMD64+NX
00:00:05.121066 PGM: PGMPool: cMaxPages=256 (u64MaxPages=64)
00:00:05.121073 PGM: pgmR3PoolInit: cMaxPages=0x100 cMaxUsers=0x200 cMaxPhysExts=0x200 fCacheEnable=true 
00:00:05.121697 TM: GIP - u32Mode=3 (Invariant) u32UpdateHz=93 u32UpdateIntervalNS=10741500 enmUseTscDelta=2 (Practically Zero) fGetGipCpu=0x1b cCpus=4
00:00:05.121712 TM: GIP - u64CpuHz=2 494 225 356 (0x94aadbcc)  SUPGetCpuHzFromGip => 2 494 225 356
00:00:05.121721 TM: GIP - CPU: iCpuSet=0x0 idCpu=0x0 idApic=0x0 iGipCpu=0x0 i64TSCDelta=0 enmState=3 u64CpuHz=2494225356(*) cErrors=0
00:00:05.121730 TM: GIP - CPU: iCpuSet=0x1 idCpu=0x1 idApic=0x1 iGipCpu=0x2 i64TSCDelta=0 enmState=3 u64CpuHz=2494223200(*) cErrors=0
00:00:05.121739 TM: GIP - CPU: iCpuSet=0x2 idCpu=0x2 idApic=0x2 iGipCpu=0x1 i64TSCDelta=0 enmState=3 u64CpuHz=2494217409(*) cErrors=0
00:00:05.121748 TM: GIP - CPU: iCpuSet=0x3 idCpu=0x3 idApic=0x3 iGipCpu=0x3 i64TSCDelta=0 enmState=3 u64CpuHz=2494224595(*) cErrors=0
00:00:05.121790 TM: NEM overrides the /TM/TSCModeSwitchAllowed setting.
00:00:05.121807 TM: cTSCTicksPerSecond=2 494 225 356 (0x94aadbcc) enmTSCMode=4 (NativeApi)
00:00:05.121810 TM: TSCTiedToExecution=false TSCNotTiedToHalt=false
00:00:05.122489 EMR3Init: fIemExecutesAll=false fGuruOnTripleFault=true 
00:00:05.122774 IEM: TargetCpu=CURRENT, Microarch=Intel_Core7_Haswell
00:00:05.122872 GIM: Using provider 'None' (Implementation version: 0)
00:00:05.122926 AIOMgr: Default manager type is 'Async'
00:00:05.122933 AIOMgr: Default file backend is 'NonBuffered'
00:00:05.123164 BlkCache: Cache successfully initialized. Cache size is 5242880 bytes
00:00:05.123174 BlkCache: Cache commit interval is 10000 ms
00:00:05.123180 BlkCache: Cache commit threshold is 2621440 bytes
00:00:05.940476 PcBios: [SMP] BIOS with 1 CPUs
00:00:05.940505 PcBios: Using the 386+ BIOS image.
00:00:05.945184 PcBios: fCheckShutdownStatusForSoftReset=true   fClearShutdownStatusOnHardReset=true 
00:00:05.980321 SUP: seg #0: R   0x00000000 LB 0x00001000
00:00:05.980337 SUP: seg #1: R X 0x00001000 LB 0x0001e000
00:00:05.980344 SUP: seg #2: R   0x0001f000 LB 0x0000d000
00:00:05.980350 SUP: seg #3: RW  0x0002c000 LB 0x00001000
00:00:05.980356 SUP: seg #4: R   0x0002d000 LB 0x00003000
00:00:05.980362 SUP: seg #5: RWX 0x00030000 LB 0x00001000
00:00:05.980368 SUP: seg #6: R   0x00031000 LB 0x00002000
00:00:05.980488 SUP: Loaded VBoxDDR0.r0 (C:\Program Files\Oracle\VirtualBox\VBoxDDR0.r0) at 0xXXXXXXXXXXXXXXXX - ModuleInit at XXXXXXXXXXXXXXXX and ModuleTerm at XXXXXXXXXXXXXXXX using the native ring-0 loader
00:00:05.980499 SUP: windbg> .reload /f C:\Program Files\Oracle\VirtualBox\VBoxDDR0.r0=0xXXXXXXXXXXXXXXXX
00:00:05.980790 CPUM: SetGuestCpuIdFeature: Enabled xAPIC
00:00:05.980974 PIT: mode=3 count=0x10000 (65536) - 18.20 Hz (ch=0)
00:00:06.006127 Shared Folders service loaded
00:00:06.028109 Guest Control service loaded
00:00:06.055304 VGA: Using the 386+ BIOS image.
00:00:06.056445 DrvVD: Flushes will be ignored
00:00:06.056458 DrvVD: Async flushes will be passed to the disk
00:00:06.056841 VD: VDInit finished with VINF_SUCCESS
00:00:06.057552 VD: Opening the disk took 1078060 ns
00:00:06.057607 FDC: 1.44 MB 3"1/2 floppy disk (2 h 80 t 18 s) rw
00:00:06.062635 DrvVD: Flushes will be ignored
00:00:06.062647 DrvVD: Async flushes will be passed to the disk
00:00:06.063422 VD: Opening the disk took 763593 ns
00:00:06.063470 PIIX3 ATA: LUN#0: disk, PCHS=4161/16/63, total number of sectors 4194304
00:00:06.063535 PIIX3 ATA: LUN#1: no unit
00:00:06.063618 DrvVD: Flushes will be ignored
00:00:06.063626 DrvVD: Async flushes will be passed to the disk
00:00:06.063668 PIIX3 ATA: LUN#2: CD/DVD, total number of sectors 0, passthrough disabled
00:00:06.063680 PIIX3 ATA: LUN#3: no unit
00:00:06.063717 PIIX3 ATA: Ctl#0: finished processing RESET
00:00:06.063737 PIIX3 ATA: Ctl#1: finished processing RESET
00:00:06.090262 NAT: Guest address guess set to 10.0.2.15 by initialization
00:00:06.139647 NAT: DNS#0: 192.168.1.1
00:00:06.140590 AC97: Using codec 'STAC9700'
00:00:06.140674 Audio: Initializing DirectSound audio driver
00:00:06.508757 Audio: Found 4 devices for driver 'DSoundAudio'
00:00:06.508772 Audio: Device '主声音驱动程序':
00:00:06.508778 Audio: 	Usage           = Output
00:00:06.508784 Audio: 	Flags           = DEFAULT
00:00:06.508790 Audio: 	Input channels  = 0
00:00:06.508795 Audio: 	Output channels = 2
00:00:06.508802 Audio: Device '扬声器 (Conexant SmartAudio HD)':
00:00:06.508807 Audio: 	Usage           = Output
00:00:06.508813 Audio: 	Flags           = NONE
00:00:06.508818 Audio: 	Input channels  = 0
00:00:06.508823 Audio: 	Output channels = 2
00:00:06.508829 Audio: Device '主声音捕获驱动程序':
00:00:06.508835 Audio: 	Usage           = Input
00:00:06.508840 Audio: 	Flags           = NONE
00:00:06.508845 Audio: 	Input channels  = 2
00:00:06.508851 Audio: 	Output channels = 0
00:00:06.508856 Audio: Device '内装麦克风 (Conexant SmartAudio HD)':
00:00:06.508862 Audio: 	Usage           = Input
00:00:06.508867 Audio: 	Flags           = NONE
00:00:06.508873 Audio: 	Input channels  = 2
00:00:06.508878 Audio: 	Output channels = 0
00:00:06.508939 AC97: Reset
00:00:06.508947 AC97: Mixer reset (EAID=0x809, EACS=0x9)
00:00:06.508953 AC97: Record select to left=Microphone In, right=Microphone In
00:00:06.509383 PGM: The CPU physical address width is 39 bits
00:00:06.509408 PGM: PGMR3InitFinalize: 4 MB PSE mask 0000007fffffffff -> VINF_SUCCESS
00:00:06.509637 TM: TMR3InitFinalize: fTSCModeSwitchAllowed=false
00:00:06.509851 VMM: Thread-context hooks unavailable
00:00:06.509860 VMM: RTThreadPreemptIsPending() can be trusted
00:00:06.509867 VMM: Kernel preemption is possible
00:00:06.509889 EM: Exit history optimizations: enabled=true  enabled-r0=true  enabled-r0-no-preemption=false
00:00:06.509912 PcBios: ATA LUN#0 LCHS=520/128/63
00:00:06.509924 APIC: fPostedIntrsEnabled=false fVirtApicRegsEnabled=false fSupportsTscDeadline=false
00:00:06.509931 TMR3UtcNow: nsNow=1 612 166 307 223 965 900 nsPrev=0 -> cNsDelta=1 612 166 307 223 965 900 (offLag=0 offVirtualSync=0 offVirtualSyncGivenUp=0, NowAgain=1 612 166 307 223 965 900)
00:00:06.509947 VMM: fUsePeriodicPreemptionTimers=false
00:00:06.509957 CPUM: Logical host processors: 4 present, 4 max, 4 online, online mask: 000000000000000f
00:00:06.509958 CPUM: Physical host cores: 2
00:00:06.509959 ************************* CPUID dump ************************
00:00:06.509965          Raw Standard CPUID Leaves
00:00:06.509965      Leaf/sub-leaf  eax      ebx      ecx      edx
00:00:06.509968 Gst: 00000000/0000  0000000d 756e6547 6c65746e 49656e69
00:00:06.509969 Hst:                0000000d 756e6547 6c65746e 49656e69
00:00:06.509971 Gst: 00000001/0000  00040651 00010800 001a0201 178bfbbf
00:00:06.509972 Hst:                00040651 03100800 fedaf383 bfcbfbff
00:00:06.509974 Gst: 00000002/0000  76036301 00f0b5ff 00000000 00c10000
00:00:06.509975 Hst:                76036301 00f0b5ff 00000000 00c10000
00:00:06.509977 Gst: 00000003/0000  00000000 00000000 00000000 00000000
00:00:06.509978 Hst:                00000000 00000000 00000000 00000000
00:00:06.509979 Gst: 00000004/0000  00000121 01c0003f 0000003f 00000000
00:00:06.509980 Hst:                1c004121 01c0003f 0000003f 00000000
00:00:06.509982 Gst: 00000004/0001  00000122 01c0003f 0000003f 00000000
00:00:06.509983 Hst:                1c004122 01c0003f 0000003f 00000000
00:00:06.509984 Gst: 00000004/0002  00000143 01c0003f 000001ff 00000000
00:00:06.509986 Hst:                1c004143 01c0003f 000001ff 00000000
00:00:06.509987 Gst: 00000004/0003  00000163 02c0003f 00000fff 00000002
00:00:06.509988 Hst:                1c03c163 02c0003f 00000fff 00000002
00:00:06.509989 Gst: 00000004/0004  00000000 00000000 00000000 00000000
00:00:06.509990 Hst:                00000000 00000000 00000000 00000000
00:00:06.509992 Gst: 00000005/0000  00000000 00000000 00000000 00000000
00:00:06.509993 Hst:                00000000 00000000 00000000 00000000
00:00:06.509994 Gst: 00000006/0000  00000000 00000000 00000000 00000000
00:00:06.509995 Hst:                00000073 00000002 00000009 00000000
00:00:06.509996 Gst: 00000007/0000  00000000 00002401 00000000 30000400
00:00:06.509998 Hst:                00000000 000027ab 00000000 bc000400
00:00:06.509999 Gst: 00000007/0001  00000000 00000000 00000000 00000000
00:00:06.510000 Hst:                00000000 00000000 00000000 00000000
00:00:06.510001 Gst: 00000008/0000  00000000 00000000 00000000 00000000
00:00:06.510002 Hst:                00000000 00000000 00000000 00000000
00:00:06.510003 Gst: 00000009/0000  00000000 00000000 00000000 00000000
00:00:06.510004 Hst:                00000000 00000000 00000000 00000000
00:00:06.510006 Gst: 0000000a/0000  00000000 00000000 00000000 00000000
00:00:06.510006 Hst:                07300403 00000000 00000000 00000603
00:00:06.510008 Gst: 0000000b/0000  00000000 00000001 00000100 00000000
00:00:06.510009 Hst:                00000001 00000002 00000100 00000003
00:00:06.510010 Gst: 0000000b/0001  00000001 00000001 00000201 00000000
00:00:06.510011 Hst:                00000004 00000004 00000201 00000003
00:00:06.510012 Gst: 0000000b/0002  00000000 00000000 00000002 00000000
00:00:06.510013 Hst:                00000000 00000000 00000002 00000003
00:00:06.510014 Gst: 0000000c/0000  00000000 00000000 00000000 00000000
00:00:06.510015 Hst:                00000000 00000000 00000000 00000000
00:00:06.510017 Gst: 0000000d/0000  00000000 00000000 00000000 00000000
00:00:06.510018 Hst:                00000007 00000340 00000340 00000000
00:00:06.510019 Gst: 0000000d/0001  00000000 00000000 00000000 00000000
00:00:06.510020 Hst:                00000001 00000000 00000000 00000000
00:00:06.510021 Gst: 0000000d/0002  00000000 00000000 00000000 00000000
00:00:06.510022 Hst:                00000100 00000240 00000000 00000000
00:00:06.510024 Gst: 0000000d/0003  00000000 00000000 00000000 00000000
00:00:06.510024 Hst:                00000000 00000000 00000000 00000000
00:00:06.510082                                Name: GenuineIntel
00:00:06.510084                            Supports: 0x00000000-0x0000000d
00:00:06.510087                              Family:  6 	Extended: 0 	Effective: 6
00:00:06.510089                               Model:  5 	Extended: 4 	Effective: 69
00:00:06.510090                            Stepping: 1
00:00:06.510091                                Type: 0 (primary)
00:00:06.510093                             APIC ID: 0x00
00:00:06.510094                        Logical CPUs: 1
00:00:06.510095                        CLFLUSH Size: 8
00:00:06.510096                            Brand ID: 0x00
00:00:06.510098 Features
00:00:06.510098   Mnemonic - Description                                  = guest (host)
00:00:06.510100   FPU - x87 FPU on Chip                                   = 1 (1)
00:00:06.510102   VME - Virtual 8086 Mode Enhancements                    = 1 (1)
00:00:06.510104   DE - Debugging extensions                               = 1 (1)
00:00:06.510105   PSE - Page Size Extension                               = 1 (1)
00:00:06.510107   TSC - Time Stamp Counter                                = 1 (1)
00:00:06.510108   MSR - Model Specific Registers                          = 1 (1)
00:00:06.510110   PAE - Physical Address Extension                        = 0 (1)
00:00:06.510111   MCE - Machine Check Exception                           = 1 (1)
00:00:06.510113   CX8 - CMPXCHG8B instruction                             = 1 (1)
00:00:06.510114   APIC - APIC On-Chip                                     = 1 (1)
00:00:06.510116   SEP - SYSENTER and SYSEXIT Present                      = 1 (1)
00:00:06.510117   MTRR - Memory Type Range Registers                      = 1 (1)
00:00:06.510119   PGE - PTE Global Bit                                    = 1 (1)
00:00:06.510120   MCA - Machine Check Architecture                        = 1 (1)
00:00:06.510122   CMOV - Conditional Move instructions                    = 1 (1)
00:00:06.510123   PAT - Page Attribute Table                              = 1 (1)
00:00:06.510124   PSE-36 - 36-bit Page Size Extension                     = 1 (1)
00:00:06.510126   PSN - Processor Serial Number                           = 0 (0)
00:00:06.510127   CLFSH - CLFLUSH instruction                             = 1 (1)
00:00:06.510129   DS - Debug Store                                        = 0 (0)
00:00:06.510130   ACPI - Thermal Mon. & Soft. Clock Ctrl.                 = 0 (1)
00:00:06.510132   MMX - Intel MMX Technology                              = 1 (1)
00:00:06.510133   FXSR - FXSAVE and FXRSTOR instructions                  = 1 (1)
00:00:06.510134   SSE - SSE support                                       = 1 (1)
00:00:06.510136   SSE2 - SSE2 support                                     = 1 (1)
00:00:06.510138   SS - Self Snoop                                         = 0 (1)
00:00:06.510139   HTT - Hyper-Threading Technology                        = 1 (1)
00:00:06.510141   TM - Therm. Monitor                                     = 0 (1)
00:00:06.510142   PBE - Pending Break Enabled                             = 0 (1)
00:00:06.510144   SSE3 - SSE3 support                                     = 1 (1)
00:00:06.510146   PCLMUL - PCLMULQDQ support (for AES-GCM)                = 0 (1)
00:00:06.510147   DTES64 - DS Area 64-bit Layout                          = 0 (0)
00:00:06.510148   MONITOR - MONITOR/MWAIT instructions                    = 0 (0)
00:00:06.510150   CPL-DS - CPL Qualified Debug Store                      = 0 (0)
00:00:06.510151   VMX - Virtual Machine Extensions                        = 0 (0)
00:00:06.510152   SMX - Safer Mode Extensions                             = 0 (0)
00:00:06.510154   EST - Enhanced SpeedStep Technology                     = 0 (1)
00:00:06.510155   TM2 - Terminal Monitor 2                                = 0 (1)
00:00:06.510157   SSSE3 - Supplemental Streaming SIMD Extensions 3        = 1 (1)
00:00:06.510158   CNTX-ID - L1 Context ID                                 = 0 (0)
00:00:06.510159   SDBG - Silicon Debug interface                          = 0 (0)
00:00:06.510161   FMA - Fused Multiply Add extensions                     = 0 (1)
00:00:06.510162   CX16 - CMPXCHG16B instruction                           = 0 (1)
00:00:06.510163   TPRUPDATE - xTPR Update Control                         = 0 (1)
00:00:06.510165   PDCM - Perf/Debug Capability MSR                        = 0 (1)
00:00:06.510166   PCID - Process Context Identifiers                      = 1 (1)
00:00:06.510168   DCA - Direct Cache Access                               = 0 (0)
00:00:06.510169   SSE4_1 - SSE4_1 support                                 = 1 (1)
00:00:06.510171   SSE4_2 - SSE4_2 support                                 = 1 (1)
00:00:06.510172   X2APIC - x2APIC support                                 = 0 (0)
00:00:06.510174   MOVBE - MOVBE instruction                               = 0 (1)
00:00:06.510176   POPCNT - POPCNT instruction                             = 0 (1)
00:00:06.510177   TSCDEADL - Time Stamp Counter Deadline                  = 0 (0)
00:00:06.510178   AES - AES instructions                                  = 0 (1)
00:00:06.510180   XSAVE - XSAVE instruction                               = 0 (1)
00:00:06.510182   OSXSAVE - OSXSAVE instruction                           = 0 (1)
00:00:06.510183   AVX - AVX support                                       = 0 (1)
00:00:06.510195   F16C - 16-bit floating point conversion instructions    = 0 (1)
00:00:06.510196   RDRAND - RDRAND instruction                             = 0 (1)
00:00:06.510198   HVP - Hypervisor Present (we're a guest)                = 0 (1)
00:00:06.510200 Structured Extended Feature Flags Enumeration (leaf 7):
00:00:06.510201   Mnemonic - Description                                  = guest (host)
00:00:06.510201   FSGSBASE - RDFSBASE/RDGSBASE/WRFSBASE/WRGSBASE instr.   = 1 (1)
00:00:06.510202   TSCADJUST - Supports MSR_IA32_TSC_ADJUST                = 0 (1)
00:00:06.510204   SGX - Supports Software Guard Extensions                = 0 (0)
00:00:06.510205   BMI1 - Advanced Bit Manipulation extension 1            = 0 (1)
00:00:06.510206   HLE - Hardware Lock Elision                             = 0 (0)
00:00:06.510208   AVX2 - Advanced Vector Extensions 2                     = 0 (1)
00:00:06.510209   FDP_EXCPTN_ONLY - FPU DP only updated on exceptions     = 0 (0)
00:00:06.510213   SMEP - Supervisor Mode Execution Prevention             = 0 (1)
00:00:06.510215   BMI2 - Advanced Bit Manipulation extension 2            = 0 (1)
00:00:06.510216   ERMS - Enhanced REP MOVSB/STOSB instructions            = 0 (1)
00:00:06.510217   INVPCID - INVPCID instruction                           = 1 (1)
00:00:06.510230   RTM - Restricted Transactional Memory                   = 0 (0)
00:00:06.510231   PQM - Platform Quality of Service Monitoring            = 0 (0)
00:00:06.510232   DEPFPU_CS_DS - Deprecates FPU CS, FPU DS values if set  = 1 (1)
00:00:06.510233   MPE - Intel Memory Protection Extensions                = 0 (0)
00:00:06.510235   PQE - Platform Quality of Service Enforcement           = 0 (0)
00:00:06.510236   AVX512F - AVX512 Foundation instructions                = 0 (0)
00:00:06.510237   RDSEED - RDSEED instruction                             = 0 (0)
00:00:06.510239   ADX - ADCX/ADOX instructions                            = 0 (0)
00:00:06.510241   SMAP - Supervisor Mode Access Prevention                = 0 (0)
00:00:06.510242   CLFLUSHOPT - CLFLUSHOPT (Cache Line Flush) instruction  = 0 (0)
00:00:06.510243   INTEL_PT - Intel Processor Trace                        = 0 (0)
00:00:06.510244   AVX512PF - AVX512 Prefetch instructions                 = 0 (0)
00:00:06.510246   AVX512ER - AVX512 Exponential & Reciprocal instructions = 0 (0)
00:00:06.510247   AVX512CD - AVX512 Conflict Detection instructions       = 0 (0)
00:00:06.510248   SHA - Secure Hash Algorithm extensions                  = 0 (0)
00:00:06.510249   PREFETCHWT1 - PREFETCHWT1 instruction                   = 0 (0)
00:00:06.510251   UMIP - User mode insturction prevention                 = 0 (0)
00:00:06.510252   PKU - Protection Key for Usermode pages                 = 0 (0)
00:00:06.510253   OSPKE - CR4.PKU mirror                                  = 0 (0)
00:00:06.510255   MAWAU - Value used by BNDLDX & BNDSTX                   = 0x0 (0x0)
00:00:06.510257   RDPID - Read processor ID support                       = 0 (0)
00:00:06.510258   SGX_LC - Supports SGX Launch Configuration              = 0 (0)
00:00:06.510260   MD_CLEAR - Supports MDS related buffer clearing         = 1 (1)
00:00:06.510261   IBRS_IBPB - IA32_SPEC_CTRL.IBRS and IA32_PRED_CMD.IBPB  = 0 (1)
00:00:06.510262   STIBP - Supports IA32_SPEC_CTRL.STIBP                   = 0 (1)
00:00:06.510263   FLUSH_CMD - Supports IA32_FLUSH_CMD                     = 1 (1)
00:00:06.510274   ARCHCAP - Supports IA32_ARCH_CAP                        = 1 (1)
00:00:06.510275   CORECAP - Supports IA32_CORE_CAP                        = 0 (0)
00:00:06.510277   SSBD - Supports IA32_SPEC_CTRL.SSBD                     = 0 (1)
00:00:06.510279 Processor Extended State Enumeration (leaf 0xd):
00:00:06.510280    XSAVE area cur/max size by XCR0, guest: 0x0/0x0
00:00:06.510281     XSAVE area cur/max size by XCR0, host: 0x340/0x340
00:00:06.510282                    Valid XCR0 bits, guest: 0x00000000`00000000
00:00:06.510283                     Valid XCR0 bits, host: 0x00000000`00000007 ( x87 SSE YMM_Hi128 )
00:00:06.510286                     XSAVE features, guest:
00:00:06.510287                      XSAVE features, host: XSAVEOPT
00:00:06.510288       XSAVE area cur size XCR0|XSS, guest: 0x0
00:00:06.510289        XSAVE area cur size XCR0|XSS, host: 0x0
00:00:06.510290                Valid IA32_XSS bits, guest: 0x00000000`00000000
00:00:06.510291                 Valid IA32_XSS bits, host: 0x00000000`00000000
00:00:06.510293   State #2, host:  off=0x0240, cb=0x0100 IA32_XSS-bit -- YMM_Hi128
00:00:06.510324          Raw Extended CPUID Leaves
00:00:06.510324      Leaf/sub-leaf  eax      ebx      ecx      edx
00:00:06.510325 Gst: 80000000/0000  80000008 00000000 00000000 00000000
00:00:06.510326 Hst:                80000008 00000000 00000000 00000000
00:00:06.510327 Gst: 80000001/0000  00000000 00000000 00000001 08000000
00:00:06.510329 Hst:                00000000 00000000 00000021 2c100800
00:00:06.510330 Gst: 80000002/0000  65746e49 2952286c 726f4320 4d542865
00:00:06.510331 Hst:                65746e49 2952286c 726f4320 4d542865
00:00:06.510333 Gst: 80000003/0000  35692029 3033342d 43205530 40205550
00:00:06.510334 Hst:                35692029 3033342d 43205530 40205550
00:00:06.510335 Gst: 80000004/0000  392e3120 7a484730 00000000 00000000
00:00:06.510337 Hst:                392e3120 7a484730 00000000 00000000
00:00:06.510338 Gst: 80000005/0000  00000000 00000000 00000000 00000000
00:00:06.510339 Hst:                00000000 00000000 00000000 00000000
00:00:06.510340 Gst: 80000006/0000  00000000 00000000 01006040 00000000
00:00:06.510341 Hst:                00000000 00000000 01006040 00000000
00:00:06.510342 Gst: 80000007/0000  00000000 00000000 00000000 00000100
00:00:06.510343 Hst:                00000000 00000000 00000000 00000100
00:00:06.510345 Gst: 80000008/0000  00003027 00000000 00000000 00000000
00:00:06.510346 Hst:                00003027 00000000 00000000 00000000
00:00:06.510347 Ext Name:                        
00:00:06.510347 Ext Supports:                    0x80000000-0x80000008
00:00:06.510348 Family:                          0  	Extended: 0 	Effective: 0
00:00:06.510349 Model:                           0  	Extended: 0 	Effective: 0
00:00:06.510349 Stepping:                        0
00:00:06.510350 Brand ID:                        0x000
00:00:06.510351 Ext Features
00:00:06.510351   Mnemonic - Description                                  = guest (host)
00:00:06.510353   FPU - x87 FPU on Chip                                   = 0 (0)
00:00:06.510355   VME - Virtual 8086 Mode Enhancements                    = 0 (0)
00:00:06.510356   DE - Debugging extensions                               = 0 (0)
00:00:06.510358   PSE - Page Size Extension                               = 0 (0)
00:00:06.510360   TSC - Time Stamp Counter                                = 0 (0)
00:00:06.510361   MSR - K86 Model Specific Registers                      = 0 (0)
00:00:06.510363   PAE - Physical Address Extension                        = 0 (0)
00:00:06.510364   MCE - Machine Check Exception                           = 0 (0)
00:00:06.510365   CX8 - CMPXCHG8B instruction                             = 0 (0)
00:00:06.510367   APIC - APIC On-Chip                                     = 0 (0)
00:00:06.510368   SEP - SYSCALL/SYSRET                                    = 0 (1)
00:00:06.510370   MTRR - Memory Type Range Registers                      = 0 (0)
00:00:06.510371   PGE - PTE Global Bit                                    = 0 (0)
00:00:06.510373   MCA - Machine Check Architecture                        = 0 (0)
00:00:06.510374   CMOV - Conditional Move instructions                    = 0 (0)
00:00:06.510376   PAT - Page Attribute Table                              = 0 (0)
00:00:06.510377   PSE-36 - 36-bit Page Size Extension                     = 0 (0)
00:00:06.510379   NX - No-Execute/Execute-Disable                         = 0 (1)
00:00:06.510380   AXMMX - AMD Extensions to MMX instructions              = 0 (0)
00:00:06.510381   MMX - Intel MMX Technology                              = 0 (0)
00:00:06.510383   FXSR - FXSAVE and FXRSTOR Instructions                  = 0 (0)
00:00:06.510384   FFXSR - AMD fast FXSAVE and FXRSTOR instructions        = 0 (0)
00:00:06.510385   Page1GB - 1 GB large page                               = 0 (1)
00:00:06.510387   RDTSCP - RDTSCP instruction                             = 1 (1)
00:00:06.510388   LM - AMD64 Long Mode                                    = 0 (1)
00:00:06.510390   3DNOWEXT - AMD Extensions to 3DNow                      = 0 (0)
00:00:06.510391   3DNOW - AMD 3DNow                                       = 0 (0)
00:00:06.510393   LahfSahf - LAHF/SAHF support in 64-bit mode             = 1 (1)
00:00:06.510394   CmpLegacy - Core multi-processing legacy mode           = 0 (0)
00:00:06.510396   SVM - AMD Secure Virtual Machine extensions             = 0 (0)
00:00:06.510397   EXTAPIC - AMD Extended APIC registers                   = 0 (0)
00:00:06.510398   CR8L - AMD LOCK MOV CR0 means MOV CR8                   = 0 (0)
00:00:06.510399   ABM - AMD Advanced Bit Manipulation                     = 0 (1)
00:00:06.510400   SSE4A - SSE4A instructions                              = 0 (0)
00:00:06.510402   MISALIGNSSE - AMD Misaligned SSE mode                   = 0 (0)
00:00:06.510403   3DNOWPRF - AMD PREFETCH and PREFETCHW instructions      = 0 (0)
00:00:06.510404   OSVW - AMD OS Visible Workaround                        = 0 (0)
00:00:06.510406   IBS - Instruct Based Sampling                           = 0 (0)
00:00:06.510407   XOP - Extended Operation support                        = 0 (0)
00:00:06.510408   SKINIT - SKINIT, STGI, and DEV support                  = 0 (0)
00:00:06.510410   WDT - AMD Watchdog Timer support                        = 0 (0)
00:00:06.510411   LWP - Lightweight Profiling support                     = 0 (0)
00:00:06.510412   FMA4 - Four operand FMA instruction support             = 0 (0)
00:00:06.510413   NodeId - NodeId in MSR C001_100C                        = 0 (0)
00:00:06.510415   TBM - Trailing Bit Manipulation instructions            = 0 (0)
00:00:06.510416   TOPOEXT - Topology Extensions                           = 0 (0)
00:00:06.510417   PRFEXTCORE - Performance Counter Extensions support     = 0 (0)
00:00:06.510418   PRFEXTNB - NB Performance Counter Extensions support    = 0 (0)
00:00:06.510419   DATABPEXT - Data-access Breakpoint Extension            = 0 (0)
00:00:06.510420   PERFTSC - Performance Time Stamp Counter                = 0 (0)
00:00:06.510421   PCX_L2I - L2I/L3 Performance Counter Extensions         = 0 (0)
00:00:06.510422   MWAITX - MWAITX and MONITORX instructions               = 0 (0)
00:00:06.510424 Full Name:                       "Intel(R) Core(TM) i5-4300U CPU @ 1.90GHz"
00:00:06.510425 TLB 2/4M Instr/Uni:              res0     0 entries
00:00:06.510425 TLB 2/4M Data:                   res0     0 entries
00:00:06.510426 TLB 4K Instr/Uni:                res0     0 entries
00:00:06.510427 TLB 4K Data:                     res0     0 entries
00:00:06.510427 L1 Instr Cache Line Size:        0 bytes
00:00:06.510428 L1 Instr Cache Lines Per Tag:    0
00:00:06.510428 L1 Instr Cache Associativity:    res0  
00:00:06.510429 L1 Instr Cache Size:             0 KB
00:00:06.510429 L1 Data Cache Line Size:         0 bytes
00:00:06.510430 L1 Data Cache Lines Per Tag:     0
00:00:06.510430 L1 Data Cache Associativity:     res0  
00:00:06.510430 L1 Data Cache Size:              0 KB
00:00:06.510431 L2 TLB 2/4M Instr/Uni:           off       0 entries
00:00:06.510431 L2 TLB 2/4M Data:                off       0 entries
00:00:06.510432 L2 TLB 4K Instr/Uni:             off       0 entries
00:00:06.510433 L2 TLB 4K Data:                  off       0 entries
00:00:06.510433 L2 Cache Line Size:              0 bytes
00:00:06.510434 L2 Cache Lines Per Tag:          0
00:00:06.510434 L2 Cache Associativity:          off   
00:00:06.510434 L2 Cache Size:                   0 KB
00:00:06.510436   TS - Temperature Sensor                                 = 0 (0)
00:00:06.510437   FID - Frequency ID control                              = 0 (0)
00:00:06.510439   VID - Voltage ID control                                = 0 (0)
00:00:06.510441   TscInvariant - Invariant Time Stamp Counter             = 1 (1)
00:00:06.510442   CBP - Core Performance Boost                            = 0 (0)
00:00:06.510443   EffFreqRO - Read-only Effective Frequency Interface     = 0 (0)
00:00:06.510444   ProcFdbkIf - Processor Feedback Interface               = 0 (0)
00:00:06.510445   ProcPwrRep - Core power reporting interface support     = 0 (0)
00:00:06.510447 Physical Address Width:          39 bits
00:00:06.510448 Virtual Address Width:           48 bits
00:00:06.510448 Guest Physical Address Width:    0 bits
00:00:06.510448 Physical Core Count:             1
00:00:06.510450 
00:00:06.510450 ******************** End of CPUID dump **********************
00:00:06.510463 VMEmt: Halt method global1 (5)
00:00:06.510536 VMEmt: HaltedGlobal1 config: cNsSpinBlockThresholdCfg=50000
00:00:06.510546 Changing the VM state from 'CREATING' to 'CREATED'
00:00:06.512427 Changing the VM state from 'CREATED' to 'POWERING_ON'
00:00:06.512655 Changing the VM state from 'POWERING_ON' to 'RUNNING'
00:00:06.512675 Console: Machine state changed to 'Running'
00:00:06.517912 VMMDev: Guest Log: BIOS: VirtualBox 6.1.16
00:00:06.518230 PCI: Setting up resources and interrupts
00:00:06.527320 PIT: mode=2 count=0x10000 (65536) - 18.20 Hz (ch=0)
00:00:06.539939 Display::i_handleDisplayResize: uScreenId=0 pvVRAM=0000000000000000 w=720 h=400 bpp=0 cbLine=0x0 flags=0x0 origin=0,0
00:00:06.557749 VMMDev: Guest Log: CPUID EDX: 0x178bfbbf
00:00:06.557950 PIIX3 ATA: Ctl#0: RESET, DevSel=0 AIOIf=0 CmdIf0=0x00 (-1 usec ago) CmdIf1=0x00 (-1 usec ago)
00:00:06.558033 PIIX3 ATA: Ctl#0: finished processing RESET
00:00:06.559052 VMMDev: Guest Log: BIOS: ata0-0: PCHS=4161/16/63 LCHS=520/128/63
00:00:06.563939 PIIX3 ATA: Ctl#1: RESET, DevSel=0 AIOIf=0 CmdIf0=0x00 (-1 usec ago) CmdIf1=0x00 (-1 usec ago)
00:00:06.564261 PIIX3 ATA: Ctl#1: finished processing RESET
00:00:06.577072 PIT: mode=2 count=0x48d3 (18643) - 64.00 Hz (ch=0)
00:00:06.582667 Display::i_handleDisplayResize: uScreenId=0 pvVRAM=000000000b390000 w=640 h=480 bpp=32 cbLine=0xA00 flags=0x0 origin=0,0
00:00:07.013778 GUI: UIMachineViewNormal::resendSizeHint: Restoring guest size-hint for screen 0 to 800x600
00:00:07.019944 GUI: 2D video acceleration is disabled
00:00:07.020131 GUI: HID LEDs sync is enabled
00:00:07.044540 GUI: UIMachineLogicNormal::sltCheckForRequestedVisualStateType: Requested-state=0, Machine-state=5
00:00:09.061447 Display::i_handleDisplayResize: uScreenId=0 pvVRAM=0000000000000000 w=720 h=400 bpp=0 cbLine=0x0 flags=0x0 origin=0,0
00:00:09.075749 PIT: mode=2 count=0x10000 (65536) - 18.20 Hz (ch=0)
00:00:09.076528 VMMDev: Guest Log: BIOS: Boot : bseqnr=1, bootseq=0231
00:00:09.098912 VMMDev: Guest Log: BIOS: Booting from Floppy...
00:00:09.277300 Display::i_handleDisplayResize: uScreenId=0 pvVRAM=000000000b390000 w=640 h=400 bpp=0 cbLine=0x140 flags=0x0 origin=0,0
00:00:18.334759 Changing the VM state from 'RUNNING' to 'SUSPENDING'
00:00:18.493620 PDMR3Suspend: 158 802 320 ns run time
00:00:18.493665 Changing the VM state from 'SUSPENDING' to 'SUSPENDED'
00:00:18.493713 Console: Machine state changed to 'Paused'
00:00:19.906082 GUI: Request for close-action to power VM off.
00:00:19.906124 GUI: Passing request to power VM off from machine-logic to UI session.
00:00:19.906134 GUI: Powering VM down on UI session power off request...
00:00:19.906855 Console: Machine state changed to 'Stopping'
00:00:19.907996 Console::powerDown(): A request to power off the VM has been issued (mMachineState=Stopping, InUninit=0)
00:00:19.909111 Changing the VM state from 'SUSPENDED' to 'POWERING_OFF'
00:00:19.909201 ****************** Guest state at power off for VCpu 0 ******************
00:00:19.909225 Guest CPUM (VCPU 0) state: 
00:00:19.909238 eax=00000020 ebx=00000000 ecx=00000a01 edx=00000000 esi=00000000 edi=0000fff0
00:00:19.909241 eip=0000c207 esp=00007c00 ebp=00000000 iopl=0         nv up ei pl nz na po nc
00:00:19.909244 cs={0000 base=0000000000000000 limit=0000ffff flags=0000009b} dr0=00000000 dr1=00000000
00:00:19.909249 ds={0000 base=0000000000000000 limit=0000ffff flags=00000093} dr2=00000000 dr3=00000000
00:00:19.909253 es={3500 base=0000000000035000 limit=0000ffff flags=00000093} dr4=00000000 dr5=00000000
00:00:19.909256 fs={0000 base=0000000000000000 limit=0000ffff flags=00000093} dr6=ffff0ff0 dr7=00000400
00:00:19.909259 gs={0000 base=0000000000000000 limit=0000ffff flags=00000093} cr0=00000010 cr2=00000000
00:00:19.909261 ss={0000 base=0000000000000000 limit=0000ffff flags=00000093} cr3=00000000 cr4=00000000
00:00:19.909263 gdtr=00000000000fe89f:0047  idtr=0000000000000000:ffff  eflags=00200246
00:00:19.909265 ldtr={0000 base=00000000 limit=0000ffff flags=00000082}
00:00:19.909266 tr  ={0000 base=00000000 limit=0000ffff flags=0000008b}
00:00:19.909268 SysEnter={cs=0000 eip=00000000 esp=00000000}
00:00:19.909269 xcr=0000000000000001 xcr1=0000000000000000 xss=0000000000000000 (fXStateMask=0000000000000000)
00:00:19.909271 FCW=037f FSW=0000 FTW=0000 FOP=0000 MXCSR=00001f80 MXCSR_MASK=0000ffff
00:00:19.909273 FPUIP=00000000 CS=0000 Rsrvd1=0000  FPUDP=00000000 DS=0000 Rsvrd2=0000
00:00:19.909276 ST(0)=FPR0={0000'00000000'00000000} t0 +0.0000000000000000000000 * 2 ^ -16383 (*)
00:00:19.909282 ST(1)=FPR1={0000'00000000'00000000} t0 +0.0000000000000000000000 * 2 ^ -16383 (*)
00:00:19.909285 ST(2)=FPR2={0000'00000000'00000000} t0 +0.0000000000000000000000 * 2 ^ -16383 (*)
00:00:19.909289 ST(3)=FPR3={0000'00000000'00000000} t0 +0.0000000000000000000000 * 2 ^ -16383 (*)
00:00:19.909292 ST(4)=FPR4={0000'00000000'00000000} t0 +0.0000000000000000000000 * 2 ^ -16383 (*)
00:00:19.909295 ST(5)=FPR5={0000'00000000'00000000} t0 +0.0000000000000000000000 * 2 ^ -16383 (*)
00:00:19.909299 ST(6)=FPR6={0000'00000000'00000000} t0 +0.0000000000000000000000 * 2 ^ -16383 (*)
00:00:19.909302 ST(7)=FPR7={0000'00000000'00000000} t0 +0.0000000000000000000000 * 2 ^ -16383 (*)
00:00:19.909305 XMM0 =00000000'00000000'00000000'00000000  XMM1 =00000000'00000000'00000000'00000000
00:00:19.909308 XMM2 =00000000'00000000'00000000'00000000  XMM3 =00000000'00000000'00000000'00000000
00:00:19.909310 XMM4 =00000000'00000000'00000000'00000000  XMM5 =00000000'00000000'00000000'00000000
00:00:19.909313 XMM6 =00000000'00000000'00000000'00000000  XMM7 =00000000'00000000'00000000'00000000
00:00:19.909315 XMM8 =00000000'00000000'00000000'00000000  XMM9 =00000000'00000000'00000000'00000000
00:00:19.909318 XMM10=00000000'00000000'00000000'00000000  XMM11=00000000'00000000'00000000'00000000
00:00:19.909321 XMM12=00000000'00000000'00000000'00000000  XMM13=00000000'00000000'00000000'00000000
00:00:19.909323 XMM14=00000000'00000000'00000000'00000000  XMM15=00000000'00000000'00000000'00000000
00:00:19.909327 EFER         =0000000000000000
00:00:19.909329 PAT          =0007040600070406
00:00:19.909330 STAR         =0000000000000000
00:00:19.909331 CSTAR        =0000000000000000
00:00:19.909332 LSTAR        =0000000000000000
00:00:19.909332 SFMASK       =0000000000000000
00:00:19.909333 KERNELGSBASE =0000000000000000
00:00:19.909338 ***
00:00:19.909351 VCPU[0] hardware virtualization state:
00:00:19.909354 fLocalForcedActions          = 0x0
00:00:19.909355 No/inactive hwvirt state
00:00:19.909357 ***
00:00:19.909366 Guest paging mode (VCPU #0):  Real (changed 3 times), A20 disabled (changed 1 times)
00:00:19.909375 Shadow paging mode (VCPU #0): None
00:00:19.909376 Host paging mode:             AMD64+NX
00:00:19.909378 ***
00:00:19.909383 Active Timers (pVM=0000000009df0000)
00:00:19.909385 pTimerR3         offNext  offPrev  offSched Clock               Time             Expire HzHint State                     Description
00:00:19.909393 000000000a404f20 000006e0 00000000 00000000 Real           108845439          108843866      0 2-ACTIVE                  VGA Refresh Timer
00:00:19.909406 000000000a405600 ffffff80 fffff920 00000000 Real           108845439          108843887      0 2-ACTIVE                  EMT Yielder
00:00:19.909413 000000000a405580 00000000 00000080 00000000 Real           108845439          108844077      0 2-ACTIVE                  CPU Load Timer
00:00:19.909418 000000000a400810 00000100 00000000 00000000 VrSy         11821548705        11845228778     18 2-ACTIVE                  i8254 Programmable Interval Timer
00:00:19.909422 000000000a400910 00004bf0 ffffff00 00000000 VrSy         11821548705        11990000000      0 2-ACTIVE                  MC146818 RTC (CMOS) - Second
00:00:19.909426 000000000a405500 00000000 ffffb410 00000000 VrSy         11821548705       599932015941      0 2-ACTIVE                  ACPI PM Timer
00:00:19.909432 ***
00:00:19.909437 Guest GDT (GCAddr=00000000000fe89f limit=47):
00:00:19.909454 0010 - 0000ffff 00cf9b00 - base=00000000 limit=ffffffff dpl=0 CodeER Accessed Present Page 32-bit 
00:00:19.909457 0018 - 0000ffff 00cf9300 - base=00000000 limit=ffffffff dpl=0 DataRW Accessed Present Page 32-bit 
00:00:19.909461 0020 - 0000ffff 00009b0f - base=000f0000 limit=0000ffff dpl=0 CodeER Accessed Present 16-bit 
00:00:19.909463 0028 - 0000ffff 00009300 - base=00000000 limit=0000ffff dpl=0 DataRW Accessed Present 16-bit 
00:00:19.909466 0040 - 0400ffff 00009300 - base=00000400 limit=0000ffff dpl=0 DataRW Accessed Present 16-bit 
00:00:19.909468 ************** End of Guest state at power off ***************
00:00:19.909677 PDMR3PowerOff: 186 633 ns run time
00:00:19.909712 Changing the VM state from 'POWERING_OFF' to 'OFF'
00:00:19.911821 Changing the VM state from 'OFF' to 'DESTROYING'
00:00:19.911876 ************************* Statistics *************************
00:00:19.911894 /CPUM/MSR-Totals/Reads                  0 times
00:00:19.911905 /CPUM/MSR-Totals/ReadsRaisingGP         0 times
00:00:19.911914 /CPUM/MSR-Totals/ReadsUnknown           0 times
00:00:19.911923 /CPUM/MSR-Totals/Writes                 0 times
00:00:19.911932 /CPUM/MSR-Totals/WritesRaisingGP        0 times
00:00:19.911946 /CPUM/MSR-Totals/WritesToIgnoredBits        0 times
00:00:19.911958 /CPUM/MSR-Totals/WritesUnknown          0 times
00:00:19.911967 /Devices/8237A/DmaRun                   0 ticks/call (           0 ticks,       0 times, max         0, min      -1)
00:00:19.911978 /Devices/IDE0/ATA0/Unit0/AtapiDMA        0 times
00:00:19.911987 /Devices/IDE0/ATA0/Unit0/AtapiPIO        0 times
00:00:19.911995 /Devices/IDE0/ATA0/Unit0/DMA            0 times
00:00:19.912004 /Devices/IDE0/ATA0/Unit0/PIO            1 times
00:00:19.912012 /Devices/IDE0/ATA0/Unit0/ReadBytes        0 bytes
00:00:19.912021 /Devices/IDE0/ATA0/Unit0/StatusYields     3364 ticks/call (        6729 ticks,       2 times, max      3450, min    3279)
00:00:19.912032 /Devices/IDE0/ATA0/Unit0/WrittenBytes        0 bytes
00:00:19.912041 /Devices/IDE0/ATA0/Unit1/AtapiDMA        0 times
00:00:19.912049 /Devices/IDE0/ATA0/Unit1/AtapiPIO        0 times
00:00:19.912057 /Devices/IDE0/ATA0/Unit1/DMA            0 times
00:00:19.912065 /Devices/IDE0/ATA0/Unit1/PIO            0 times
00:00:19.912074 /Devices/IDE0/ATA0/Unit1/ReadBytes        0 bytes
00:00:19.912083 /Devices/IDE0/ATA0/Unit1/StatusYields        0 ticks/call (           0 ticks,       0 times, max         0, min      -1)
00:00:19.912092 /Devices/IDE0/ATA0/Unit1/WrittenBytes        0 bytes
00:00:19.912101 /Devices/IDE0/ATA1/Unit0/AtapiDMA        0 times
00:00:19.912109 /Devices/IDE0/ATA1/Unit0/AtapiPIO        0 times
00:00:19.912120 /Devices/IDE0/ATA1/Unit0/DMA            0 times
00:00:19.912130 /Devices/IDE0/ATA1/Unit0/PIO            0 times
00:00:19.912139 /Devices/IDE0/ATA1/Unit0/ReadBytes        0 bytes
00:00:19.912148 /Devices/IDE0/ATA1/Unit0/StatusYields     3271 ticks/call (        6542 ticks,       2 times, max      3415, min    3127)
00:00:19.912158 /Devices/IDE0/ATA1/Unit0/WrittenBytes        0 bytes
00:00:19.912167 /Devices/IDE0/ATA1/Unit1/AtapiDMA        0 times
00:00:19.912176 /Devices/IDE0/ATA1/Unit1/AtapiPIO        0 times
00:00:19.912187 /Devices/IDE0/ATA1/Unit1/DMA            0 times
00:00:19.912196 /Devices/IDE0/ATA1/Unit1/PIO            0 times
00:00:19.912205 /Devices/IDE0/ATA1/Unit1/ReadBytes        0 bytes
00:00:19.912214 /Devices/IDE0/ATA1/Unit1/StatusYields        0 ticks/call (           0 ticks,       0 times, max         0, min      -1)
00:00:19.912226 /Devices/IDE0/ATA1/Unit1/WrittenBytes        0 bytes
00:00:19.912236 /Devices/VMMDev/BalloonChunks           0 count
00:00:19.912245 /Devices/VMMDev/FastIrqAckR3            0 count
00:00:19.912257 /Devices/VMMDev/FastIrqAckRZ            0 count
00:00:19.912266 /Devices/VMMDev/LargeReqBufAllocs        0 count
00:00:19.912275 /Devices/VMMDev/SlowIrqAck              0 count
00:00:19.912284 /Devices/ichac97/UnimplementedNabmReads        0 times
00:00:19.912293 /Devices/ichac97/UnimplementedNabmWrites        0 times
00:00:19.912302 /Devices/mc146818/Irq                   0 times
00:00:19.912311 /Devices/mc146818/TimerCB               0 times
00:00:19.912322 /Devices/pcnet#0/ReceiveBytes           0 bytes
00:00:19.912332 /Devices/pcnet#0/TransmitBytes          0 bytes
00:00:19.912341 /Devices/vga/HgmsiMdaCgaAccesses        0 times
00:00:19.912353 /EM/CPU0/ExitHashing/Step00-Hits     9491 times
00:00:19.912363 /EM/CPU0/ExitHashing/Step00-NewInserts      225 times
00:00:19.912372 /EM/CPU0/ExitHashing/Step01-Hits     1414 times
00:00:19.912380 /EM/CPU0/ExitHashing/Step01-NewInserts       28 times
00:00:19.912389 /EM/CPU0/ExitHashing/Step02-Hits      254 times
00:00:19.912398 /EM/CPU0/ExitHashing/Step02-NewInserts        5 times
00:00:19.912407 /EM/CPU0/ExitHashing/Step03-Hits      604 times
00:00:19.912415 /EM/CPU0/ExitHashing/Step03-NewInserts        4 times
00:00:19.912427 /EM/CPU0/ExitHashing/Used             262 times
00:00:19.912436 /EM/CPU0/ExitOpt/Exec               80592 ticks/call (    68503423 ticks,     850 times, max    281000, min   16250)
00:00:19.912447 /EM/CPU0/ExitOpt/ExecInstructions    59189 times
00:00:19.912456 /EM/CPU0/ExitOpt/ExecSavedExit       4422 times
00:00:19.912468 /EM/CPU0/ExitOpt/Probe            2913949 ticks/call (    32053445 ticks,      11 times, max  17988794, min   41338)
00:00:19.912482 /EM/CPU0/ExitOpt/ProbeInstructions     6687 times
00:00:19.912491 /EM/CPU0/ExitOpt/ProbedExecWithMax        9 times
00:00:19.912499 /EM/CPU0/ExitOpt/ProbedNormal           2 times
00:00:19.912508 /EM/CPU0/ExitOpt/ProbedToRing3          0 times
00:00:19.912517 /GMM/ChunkTlbHits                       0 times
00:00:19.912526 /GMM/ChunkTlbMisses                     0 times
00:00:19.912545 /GMM/VM/Allocated/cBasePages          282 pages
00:00:19.912555 /GMM/VM/Allocated/cFixedPages           0 pages
00:00:19.912564 /GMM/VM/Allocated/cShadowPages          0 pages
00:00:19.912572 /GMM/VM/Reserved/cBasePages         16542 pages
00:00:19.912580 /GMM/VM/Reserved/cFixedPages         2564 pages
00:00:19.912589 /GMM/VM/Reserved/cShadowPages           1 pages
00:00:19.912597 /GMM/VM/cBalloonedPages                 0 pages
00:00:19.912606 /GMM/VM/cMaxBalloonedPages              0 pages
00:00:19.912614 /GMM/VM/cPrivatePages                 282 pages
00:00:19.912623 /GMM/VM/cReqActuallyBalloonedPages        0 pages
00:00:19.912631 /GMM/VM/cReqBalloonedPages              0 pages
00:00:19.912645 /GMM/VM/cReqDeflatePages                0 pages
00:00:19.912654 /GMM/VM/cShareableModules               0 count
00:00:19.912662 /GMM/VM/cSharedPages                    0 pages
00:00:19.912671 /GMM/VM/enmPolicy                       1 
00:00:19.912679 /GMM/VM/enmPriority                     2 
00:00:19.912688 /GMM/VM/fBallooningEnabled       false    
00:00:19.912697 /GMM/VM/fMayAllocate             true     
00:00:19.912706 /GMM/VM/fSharedPagingEnabled     false    
00:00:19.912714 /GMM/cAllocatedPages                  282 pages
00:00:19.912723 /GMM/cBalloonedPages                    0 pages
00:00:19.912731 /GMM/cChunks                            1 count
00:00:19.912740 /GMM/cDuplicatePages                    0 pages
00:00:19.912749 /GMM/cFreedChunks                       0 count
00:00:19.912758 /GMM/cLeftBehindSharedPages             0 pages
00:00:19.912767 /GMM/cMaxPages                   4294967295 pages
00:00:19.912776 /GMM/cOverCommittedPages                0 pages
00:00:19.912785 /GMM/cReservedPages                 19107 pages
00:00:19.912794 /GMM/cShareableModules                  0 count
00:00:19.912803 /GMM/cSharedPages                       0 pages
00:00:19.912812 /GMM/idFreeGeneration            4611686018427387775 
00:00:19.912940 /GVMM/EMTs                              1 calls
00:00:19.912953 /GVMM/HostCPUs                          4 calls
00:00:19.912963 /GVMM/HostCpus/0                        0 
00:00:19.912972 /GVMM/HostCpus/0/CurTimerHz             0 Hz
00:00:19.912981 /GVMM/HostCpus/0/DesiredHz              0 Hz
00:00:19.912989 /GVMM/HostCpus/0/PPTChanges             0 times
00:00:19.912998 /GVMM/HostCpus/0/PPTStarts              0 times
00:00:19.913007 /GVMM/HostCpus/0/idxCpuSet              0 
00:00:19.913015 /GVMM/HostCpus/1                        1 
00:00:19.913024 /GVMM/HostCpus/1/CurTimerHz             0 Hz
00:00:19.913032 /GVMM/HostCpus/1/DesiredHz              0 Hz
00:00:19.913040 /GVMM/HostCpus/1/PPTChanges             0 times
00:00:19.913048 /GVMM/HostCpus/1/PPTStarts              0 times
00:00:19.913057 /GVMM/HostCpus/1/idxCpuSet              1 
00:00:19.913065 /GVMM/HostCpus/2                        2 
00:00:19.913074 /GVMM/HostCpus/2/CurTimerHz             0 Hz
00:00:19.913083 /GVMM/HostCpus/2/DesiredHz              0 Hz
00:00:19.913091 /GVMM/HostCpus/2/PPTChanges             0 times
00:00:19.913099 /GVMM/HostCpus/2/PPTStarts              0 times
00:00:19.913108 /GVMM/HostCpus/2/idxCpuSet              2 
00:00:19.913116 /GVMM/HostCpus/3                        3 
00:00:19.913124 /GVMM/HostCpus/3/CurTimerHz             0 Hz
00:00:19.913132 /GVMM/HostCpus/3/DesiredHz              0 Hz
00:00:19.913140 /GVMM/HostCpus/3/PPTChanges             0 times
00:00:19.913148 /GVMM/HostCpus/3/PPTStarts              0 times
00:00:19.913162 /GVMM/HostCpus/3/idxCpuSet              3 
00:00:19.913172 /GVMM/Sum/HaltBlocking               1157 calls
00:00:19.913182 /GVMM/Sum/HaltCalls                  2425 calls
00:00:19.913191 /GVMM/Sum/HaltNotBlocking            1268 calls
00:00:19.913199 /GVMM/Sum/HaltTimeouts                323 calls
00:00:19.913208 /GVMM/Sum/HaltWakeUps                   0 calls
00:00:19.913217 /GVMM/Sum/PokeCalls                     0 calls
00:00:19.913226 /GVMM/Sum/PokeNotBusy                   0 calls
00:00:19.913235 /GVMM/Sum/PollCalls                     0 calls
00:00:19.913243 /GVMM/Sum/PollHalts                     0 calls
00:00:19.913251 /GVMM/Sum/PollWakeUps                   0 calls
00:00:19.913259 /GVMM/Sum/WakeUpCalls                 850 calls
00:00:19.913268 /GVMM/Sum/WakeUpNotHalted             327 calls
00:00:19.913276 /GVMM/Sum/WakeUpWakeUps                 0 calls
00:00:19.913285 /GVMM/VM/HaltBlocking                1157 calls
00:00:19.913294 /GVMM/VM/HaltCalls                   2425 calls
00:00:19.913303 /GVMM/VM/HaltNotBlocking             1268 calls
00:00:19.913311 /GVMM/VM/HaltTimeouts                 323 calls
00:00:19.913321 /GVMM/VM/HaltWakeUps                    0 calls
00:00:19.913330 /GVMM/VM/PokeCalls                      0 calls
00:00:19.913339 /GVMM/VM/PokeNotBusy                    0 calls
00:00:19.913347 /GVMM/VM/PollCalls                      0 calls
00:00:19.913356 /GVMM/VM/PollHalts                      0 calls
00:00:19.913365 /GVMM/VM/PollWakeUps                    0 calls
00:00:19.913374 /GVMM/VM/WakeUpCalls                  850 calls
00:00:19.913383 /GVMM/VM/WakeUpNotHalted              327 calls
00:00:19.913392 /GVMM/VM/WakeUpWakeUps                  0 calls
00:00:19.913401 /GVMM/VMs                               1 calls
00:00:19.913410 /HGCM/FailedPageListLocking             0 count
00:00:19.913419 /HGCM/LargeCmdAllocs                    0 count
00:00:19.913429 /HGCM/MsgArrival                        0 ticks/call (           0 ticks,       0 times, max         0, min      -1)
00:00:19.913440 /HGCM/MsgCompletion                     0 ticks/call (           0 ticks,       0 times, max         0, min      -1)
00:00:19.913450 /HGCM/MsgTotal                          0 ticks/call (           0 ticks,       0 times, max         0, min      -1)
00:00:19.913461 /IEM/CPU0/CodeTlb-Misses                0 count
00:00:19.913470 /IEM/CPU0/CodeTlb-PhysRev        ffffffffffff9c00 
00:00:19.913480 /IEM/CPU0/CodeTlb-Revision       fffff38000000000 
00:00:19.913489 /IEM/CPU0/CodeTlb-SlowReads             0 
00:00:19.913498 /IEM/CPU0/DataTlb-Misses                0 count
00:00:19.913507 /IEM/CPU0/DataTlb-PhysRev        ffffffffffff9c00 
00:00:19.913516 /IEM/CPU0/DataTlb-Revision       fffff38000000000 
00:00:19.913525 /IEM/CPU0/cInstructions             66339 count
00:00:19.913535 /IEM/CPU0/cLongJumps                    0 bytes
00:00:19.913544 /IEM/CPU0/cPendingCommit                0 bytes
00:00:19.913553 /IEM/CPU0/cPotentialExits           80487 count
00:00:19.913562 /IEM/CPU0/cRetAspectNotImplemented        0 count
00:00:19.913570 /IEM/CPU0/cRetErrStatuses               0 count
00:00:19.913579 /IEM/CPU0/cRetInfStatuses             167 count
00:00:19.913588 /IEM/CPU0/cRetInstrNotImplemented        0 count
00:00:19.913597 /IEM/CPU0/cbWritten                148980 bytes
00:00:19.913606 /IOM/MmioMappingsStale                  0 ticks/call (           0 ticks,       0 times, max         0, min      -1)
00:00:19.913622 /MM/HyperHeap/cbFree              2001392 bytes
00:00:19.913632 /MM/HyperHeap/cbHeap              2096832 bytes
00:00:19.913641 /NEM/CPU0/BreakOnCancel                 0 times
00:00:19.913650 /NEM/CPU0/BreakOnFFPost               375 times
00:00:19.913659 /NEM/CPU0/BreakOnFFPre                  7 times
00:00:19.913669 /NEM/CPU0/BreakOnStatus               687 times
00:00:19.913677 /NEM/CPU0/CancelAlertedEMT              0 times
00:00:19.913685 /NEM/CPU0/CancelChangedState            0 times
00:00:19.913698 /NEM/CPU0/ExitCpuId                     1 times
00:00:19.913709 /NEM/CPU0/ExitException                 0 times
00:00:19.913718 /NEM/CPU0/ExitExceptionBp               0 times
00:00:19.913729 /NEM/CPU0/ExitExceptionDb               0 times
00:00:19.913738 /NEM/CPU0/ExitExceptionGp               0 times
00:00:19.913747 /NEM/CPU0/ExitExceptionGpMesa           0 times
00:00:19.913755 /NEM/CPU0/ExitExceptionUd               0 times
00:00:19.913764 /NEM/CPU0/ExitExceptionUdHandled        0 times
00:00:19.913773 /NEM/CPU0/ExitHalt                    520 times
00:00:19.913782 /NEM/CPU0/ExitInterruptWindow           2 times
00:00:19.913791 /NEM/CPU0/ExitMemIntercept              0 times
00:00:19.913801 /NEM/CPU0/ExitMemUnmapped             864 times
00:00:19.913808 /NEM/CPU0/ExitMsr                       0 times
00:00:19.913815 /NEM/CPU0/ExitPortIo                11306 times
00:00:19.913823 /NEM/CPU0/ExitUnrecoverable             0 times
00:00:19.913831 /NEM/CPU0/GetMsgTimeout                 0 times
00:00:19.913840 /NEM/CPU0/ImportOnDemand              880 times
00:00:19.913848 /NEM/CPU0/ImportOnReturn              955 times
00:00:19.913857 /NEM/CPU0/ImportOnReturnSkipped       114 times
00:00:19.913865 /NEM/CPU0/QueryCpuTick                  1 times
00:00:19.913875 /NEM/CPU0/StopCpuPending                0 times
00:00:19.913884 /NEM/CPU0/StopCpuPendingAlerts          0 times
00:00:19.913892 /NEM/CPU0/StopCpuPendingOdd             0 times
00:00:19.913901 /NEM/CPU0/StopCpuSuccess                0 times
00:00:19.913927 /NEM/R0Stats/cPagesAvailable          342 pages
00:00:19.913936 /NEM/R0Stats/cPagesInUse              170 pages
00:00:19.913944 /PDM/BlkCache/cbCached                  0 bytes
00:00:19.913952 /PDM/BlkCache/cbCachedFru               0 bytes
00:00:19.913960 /PDM/BlkCache/cbCachedMruIn             0 bytes
00:00:19.913969 /PDM/BlkCache/cbCachedMruOut            0 bytes
00:00:19.913978 /PDM/BlkCache/cbMax               5242880 bytes
00:00:19.913987 /PDM/CritSects/8237A#0Auto/ContentionR3        0 times
00:00:19.913996 /PDM/CritSects/8237A#0Auto/ContentionRZLock        0 times
00:00:19.914004 /PDM/CritSects/8237A#0Auto/ContentionRZUnlock        0 times
00:00:19.914010 /PDM/CritSects/AC'97/ContentionR3        0 times
00:00:19.914017 /PDM/CritSects/AC'97/ContentionRZLock        0 times
00:00:19.914023 /PDM/CritSects/AC'97/ContentionRZUnlock        0 times
00:00:19.914030 /PDM/CritSects/ATA#0-Ctl/ContentionR3        0 times
00:00:19.914036 /PDM/CritSects/ATA#0-Ctl/ContentionRZLock        0 times
00:00:19.914042 /PDM/CritSects/ATA#0-Ctl/ContentionRZUnlock        0 times
00:00:19.914049 /PDM/CritSects/ATA#0-Req/ContentionR3        0 times
00:00:19.914055 /PDM/CritSects/ATA#0-Req/ContentionRZLock        0 times
00:00:19.914061 /PDM/CritSects/ATA#0-Req/ContentionRZUnlock        0 times
00:00:19.914068 /PDM/CritSects/ATA#1-Ctl/ContentionR3        0 times
00:00:19.914074 /PDM/CritSects/ATA#1-Ctl/ContentionRZLock        0 times
00:00:19.914080 /PDM/CritSects/ATA#1-Ctl/ContentionRZUnlock        0 times
00:00:19.914087 /PDM/CritSects/ATA#1-Req/ContentionR3        0 times
00:00:19.914093 /PDM/CritSects/ATA#1-Req/ContentionRZLock        0 times
00:00:19.914099 /PDM/CritSects/ATA#1-Req/ContentionRZUnlock        0 times
00:00:19.914105 /PDM/CritSects/MM-HYPER/ContentionR3        0 times
00:00:19.914112 /PDM/CritSects/MM-HYPER/ContentionRZLock        0 times
00:00:19.914118 /PDM/CritSects/MM-HYPER/ContentionRZUnlock        0 times
00:00:19.914124 /PDM/CritSects/NOP/ContentionR3         0 times
00:00:19.914131 /PDM/CritSects/NOP/ContentionRZLock        0 times
00:00:19.914137 /PDM/CritSects/NOP/ContentionRZUnlock        0 times
00:00:19.914143 /PDM/CritSects/OHCI#0Irq/ContentionR3        0 times
00:00:19.914150 /PDM/CritSects/OHCI#0Irq/ContentionRZLock        0 times
00:00:19.914156 /PDM/CritSects/OHCI#0Irq/ContentionRZUnlock        0 times
00:00:19.914162 /PDM/CritSects/PCnet#0/ContentionR3        0 times
00:00:19.914169 /PDM/CritSects/PCnet#0/ContentionRZLock        0 times
00:00:19.914177 /PDM/CritSects/PCnet#0/ContentionRZUnlock        0 times
00:00:19.914185 /PDM/CritSects/PDM/ContentionR3         0 times
00:00:19.914191 /PDM/CritSects/PDM/ContentionRZLock        0 times
00:00:19.914198 /PDM/CritSects/PDM/ContentionRZUnlock        0 times
00:00:19.914204 /PDM/CritSects/PGM/ContentionR3         0 times
00:00:19.914210 /PDM/CritSects/PGM/ContentionRZLock        0 times
00:00:19.914218 /PDM/CritSects/PGM/ContentionRZUnlock        0 times
00:00:19.914226 /PDM/CritSects/TM Timer Lock/ContentionR3        0 times
00:00:19.914234 /PDM/CritSects/TM Timer Lock/ContentionRZLock        0 times
00:00:19.914243 /PDM/CritSects/TM Timer Lock/ContentionRZUnlock        0 times
00:00:19.914251 /PDM/CritSects/TM VirtualSync Lock/ContentionR3        0 times
00:00:19.914260 /PDM/CritSects/TM VirtualSync Lock/ContentionRZLock        0 times
00:00:19.914269 /PDM/CritSects/TM VirtualSync Lock/ContentionRZUnlock        0 times
00:00:19.914275 /PDM/CritSects/VGA#0/ContentionR3        0 times
00:00:19.914282 /PDM/CritSects/VGA#0/ContentionRZLock        0 times
00:00:19.914288 /PDM/CritSects/VGA#0/ContentionRZUnlock        0 times
00:00:19.914294 /PDM/CritSects/VGA#0_IRQ/ContentionR3        0 times
00:00:19.914300 /PDM/CritSects/VGA#0_IRQ/ContentionRZLock        0 times
00:00:19.914307 /PDM/CritSects/VGA#0_IRQ/ContentionRZUnlock        0 times
00:00:19.914316 /PDM/CritSects/VMMDev#0/ContentionR3        0 times
00:00:19.914328 /PDM/CritSects/VMMDev#0/ContentionRZLock        0 times
00:00:19.914336 /PDM/CritSects/VMMDev#0/ContentionRZUnlock        0 times
00:00:19.914344 /PDM/CritSects/acpi#0/ContentionR3        0 times
00:00:19.914353 /PDM/CritSects/acpi#0/ContentionRZLock        0 times
00:00:19.914362 /PDM/CritSects/acpi#0/ContentionRZUnlock        0 times
00:00:19.914373 /PDM/CritSects/i82078#0Auto/ContentionR3        0 times
00:00:19.914382 /PDM/CritSects/i82078#0Auto/ContentionRZLock        0 times
00:00:19.914391 /PDM/CritSects/i82078#0Auto/ContentionRZUnlock        0 times
00:00:19.914399 /PDM/CritSects/mc146818#0Auto/ContentionR3        0 times
00:00:19.914407 /PDM/CritSects/mc146818#0Auto/ContentionRZLock        0 times
00:00:19.914416 /PDM/CritSects/mc146818#0Auto/ContentionRZUnlock        0 times
00:00:19.914424 /PDM/CritSects/pcarch#0Auto/ContentionR3        0 times
00:00:19.914433 /PDM/CritSects/pcarch#0Auto/ContentionRZLock        0 times
00:00:19.914441 /PDM/CritSects/pcarch#0Auto/ContentionRZUnlock        0 times
00:00:19.914450 /PDM/CritSects/pcbios#0Auto/ContentionR3        0 times
00:00:19.914458 /PDM/CritSects/pcbios#0Auto/ContentionRZLock        0 times
00:00:19.914466 /PDM/CritSects/pcbios#0Auto/ContentionRZUnlock        0 times
00:00:19.914475 /PDM/CritSects/pckbd#0Auto/ContentionR3        0 times
00:00:19.914483 /PDM/CritSects/pckbd#0Auto/ContentionRZLock        0 times
00:00:19.914492 /PDM/CritSects/pckbd#0Auto/ContentionRZUnlock        0 times
00:00:19.914500 /PDM/CritSects/pit#0/ContentionR3        0 times
00:00:19.914509 /PDM/CritSects/pit#0/ContentionRZLock        0 times
00:00:19.914518 /PDM/CritSects/pit#0/ContentionRZUnlock        0 times
00:00:19.914526 /PDM/CritSects/usb-ohci#0Auto/ContentionR3        0 times
00:00:19.914535 /PDM/CritSects/usb-ohci#0Auto/ContentionRZLock        0 times
00:00:19.914543 /PDM/CritSects/usb-ohci#0Auto/ContentionRZUnlock        0 times
00:00:19.914550 /PDM/CritSectsRw/IOM Lock/ContentionR3EnterExcl        0 times
00:00:19.914556 /PDM/CritSectsRw/IOM Lock/ContentionR3EnterShared        0 times
00:00:19.914562 /PDM/CritSectsRw/IOM Lock/ContentionRZEnterExcl        0 times
00:00:19.914569 /PDM/CritSectsRw/IOM Lock/ContentionRZEnterShared        0 times
00:00:19.914575 /PDM/CritSectsRw/IOM Lock/ContentionRZLeaveExcl        0 times
00:00:19.914581 /PDM/CritSectsRw/IOM Lock/ContentionRZLeaveShared        0 times
00:00:19.914587 /PDM/CritSectsRw/IOM Lock/R3EnterExcl       75 times
00:00:19.914598 /PDM/CritSectsRw/IOM Lock/R3EnterShared    17261 times
00:00:19.914607 /PDM/CritSectsRw/IOM Lock/RZEnterExcl        0 times
00:00:19.914618 /PDM/CritSectsRw/IOM Lock/RZEnterShared        0 times
00:00:19.914628 /PDM/Queue/DevHlp/AllocFailures         0 times
00:00:19.914637 /PDM/Queue/DevHlp/Flush                 0 calls
00:00:19.914648 /PDM/Queue/DevHlp/FlushLeftovers        0 times
00:00:19.914657 /PDM/Queue/DevHlp/Insert                0 calls
00:00:19.914666 /PDM/Queue/DevHlp/cItems                8 count
00:00:19.914674 /PDM/Queue/DevHlp/cbItem               64 bytes
00:00:19.914683 /PDM/Queue/Keyboard/AllocFailures        0 times
00:00:19.914691 /PDM/Queue/Keyboard/Flush               0 calls
00:00:19.914700 /PDM/Queue/Keyboard/FlushLeftovers        0 times
00:00:19.914709 /PDM/Queue/Keyboard/Insert              0 calls
00:00:19.914718 /PDM/Queue/Keyboard/cItems             64 count
00:00:19.914727 /PDM/Queue/Keyboard/cbItem             32 bytes
00:00:19.914736 /PDM/Queue/Mouse/AllocFailures          0 times
00:00:19.914744 /PDM/Queue/Mouse/Flush                  0 calls
00:00:19.914752 /PDM/Queue/Mouse/FlushLeftovers         0 times
00:00:19.914759 /PDM/Queue/Mouse/Insert                 0 calls
00:00:19.914766 /PDM/Queue/Mouse/cItems               128 count
00:00:19.914774 /PDM/Queue/Mouse/cbItem                48 bytes
00:00:19.914783 /PDM/Tasks/000-PCnet-Xmit-retriggered        0 times
00:00:19.914792 /PDM/Tasks/000-PCnet-Xmit-runs          0 times
00:00:19.914800 /PGM/CPU0/cA20Changes                   1 times
00:00:19.914809 /PGM/CPU0/cGuestModeChanges             3 times
00:00:19.914818 /PGM/ChunkR3Map/Mapped                  1 count
00:00:19.914826 /PGM/ChunkR3Map/Unmapped                0 count
00:00:19.914835 /PGM/ChunkR3Map/c                       1 count
00:00:19.914844 /PGM/ChunkR3Map/cMax             4294967295 count
00:00:19.914853 /PGM/LargePage/Recheck                  0 times
00:00:19.914862 /PGM/LargePage/Refused                  0 times
00:00:19.914871 /PGM/LargePage/Reused                   0 times
00:00:19.914882 /PGM/Page/cAllPages                 18981 count
00:00:19.914892 /PGM/Page/cBalloonedPages               0 count
00:00:19.914901 /PGM/Page/cHandyPages                  54 count
00:00:19.914909 /PGM/Page/cLargePages                   0 count
00:00:19.914918 /PGM/Page/cLargePagesDisabled           0 count
00:00:19.914927 /PGM/Page/cMonitoredPages               0 count
00:00:19.914936 /PGM/Page/cPrivatePages              2792 count
00:00:19.914944 /PGM/Page/cPureMmioPages                3 count
00:00:19.914952 /PGM/Page/cReadLockedPages              0 count
00:00:19.914960 /PGM/Page/cReusedSharedPages            0 count
00:00:19.914968 /PGM/Page/cSharedPages                  0 count
00:00:19.914977 /PGM/Page/cWriteLockedPages             0 count
00:00:19.914986 /PGM/Page/cWrittenToPages               0 count
00:00:19.914995 /PGM/Page/cZeroPages                16186 count
00:00:19.915004 /PGM/Pool/Grow                          0 ticks (           0 ticks,       0 times, max         0, min      -1)
00:00:19.915015 /PGM/ShMod/Check                        0 ticks/call (           0 ticks,       0 times, max         0, min      -1)
00:00:19.915025 /PGM/cRelocations                       0 times
00:00:19.915034 /PROF/CPU0/EM/Capped                    0 ticks/call (           0 ticks,       0 times, max         0, min      -1)
00:00:19.915045 /PROF/CPU0/EM/ForcedActions          1454 times
00:00:19.915054 /PROF/CPU0/EM/Halted                  709 times
00:00:19.915063 /PROF/CPU0/EM/NEMExec              947199 ticks/call (  1012556568 ticks,    1069 times, max  50231872, min   61018)
00:00:19.915075 /PROF/CPU0/EM/NEMExecuteCalled        687 times
00:00:19.915083 /PROF/CPU0/EM/RAWTotal                  0 times
00:00:19.915092 /PROF/CPU0/EM/REMTotal                  0 times
00:00:19.915100 /PROF/CPU0/EM/RecordedExits         12693 times
00:00:19.915109 /PROF/CPU0/EM/Total              29884205119 ticks/call ( 29884205119 ticks,       1 times, max 29884205119, min 29884205119)
00:00:19.915121 /PROF/CPU0/VM/Halt/Block          4696259 ns/call ( 11355555865 ticks,    2418 times, max  25989220, min    5281)
00:00:19.915136 /PROF/CPU0/VM/Halt/BlockInsomnia  3943471 ns/call (  8312836868 ticks,    2108 times, max  25989220, min    5281)
00:00:19.915149 /PROF/CPU0/VM/Halt/BlockOnTime    7526460 ns/call (   609643306 ticks,      81 times, max  20522815, min    5291)
00:00:19.915159 /PROF/CPU0/VM/Halt/BlockOverslept   375135 ns/call (    85905938 ticks,     229 times, max    950462, min   52227)
00:00:19.915170 /PROF/CPU0/VM/Halt/R0HaltBlock          0 ns/call (           0 ticks,       0 times, max         0, min      -1)
00:00:19.915179 /PROF/CPU0/VM/Halt/R0HaltBlockInsomnia        0 ns/call (           0 ticks,       0 times, max         0, min      -1)
00:00:19.915188 /PROF/CPU0/VM/Halt/R0HaltBlockOnTime        0 ns/call (           0 ticks,       0 times, max         0, min      -1)
00:00:19.915197 /PROF/CPU0/VM/Halt/R0HaltBlockOverslept        0 ns/call (           0 ticks,       0 times, max         0, min      -1)
00:00:19.915207 /PROF/CPU0/VM/Halt/R0HaltExec           0 times
00:00:19.915216 /PROF/CPU0/VM/Halt/R0HaltExec/FromBlock        0 times
00:00:19.915224 /PROF/CPU0/VM/Halt/R0HaltExec/FromSpin        0 times
00:00:19.915232 /PROF/CPU0/VM/Halt/R0HaltHistoryCounter        0 times
00:00:19.915241 /PROF/CPU0/VM/Halt/R0HaltHistorySucceeded        0 times
00:00:19.915249 /PROF/CPU0/VM/Halt/R0HaltHistoryToRing3        0 times
00:00:19.915258 /PROF/CPU0/VM/Halt/Timers            7655 ns/call (    29825158 ticks,    3896 times, max    298801, min       2)
00:00:19.915269 /PROF/CPU0/VM/Halt/Yield                0 ns/call (           0 ticks,       0 times, max         0, min      -1)
00:00:19.915279 /Public/NetAdapter/0/BytesReceived        0 bytes
00:00:19.915287 /Public/NetAdapter/0/BytesTransmitted        0 bytes
00:00:19.915296 /Public/NetAdapter/0/pcnet              0 
00:00:19.915305 /Public/Storage/I820780/Port0/BytesRead   184320 bytes
00:00:19.915314 /Public/Storage/I820780/Port0/QueryBufAttempts        0 count
00:00:19.915322 /Public/Storage/I820780/Port0/QueryBufSuccess        0 count
00:00:19.915337 /Public/Storage/I820780/Port0/ReqsRead      360 count
00:00:19.915346 /Public/Storage/I820780/Port0/ReqsSubmitted      360 count
00:00:19.915355 /Public/Storage/I820780/Port0/ReqsSucceeded      360 count
00:00:19.915364 /Public/Storage/PIIX3IDE0/Port0/QueryBufAttempts        0 count
00:00:19.915372 /Public/Storage/PIIX3IDE0/Port0/QueryBufSuccess        0 count
00:00:19.915382 /Public/Storage/PIIX3IDE0/Port2/QueryBufAttempts        0 count
00:00:19.915390 /Public/Storage/PIIX3IDE0/Port2/QueryBufSuccess        0 count
00:00:19.915400 /SELM/LoadHidSel/GstReadErrors          0 times
00:00:19.915408 /SELM/LoadHidSel/NoGoodGuest            0 times
00:00:19.915418 /TM/CPU/00/cNsExecuting                 0 ns
00:00:19.915427 /TM/CPU/00/cNsHalted             11388286857 ns
00:00:19.915436 /TM/CPU/00/cNsOther              593111031 ns
00:00:19.915445 /TM/CPU/00/cNsTotal              11981397888 ns
00:00:19.915454 /TM/CPU/00/cPeriodsExecuting            0 count
00:00:19.915463 /TM/CPU/00/cPeriodsHalted             347 count
00:00:19.915472 /TM/CPU/00/pctExecuting                 0 %
00:00:19.915480 /TM/CPU/00/pctHalted                   99 %
00:00:19.915489 /TM/CPU/00/pctOther                     0 %
00:00:19.915498 /TM/CPU/pctExecuting                    0 %
00:00:19.915507 /TM/CPU/pctHalted                      99 %
00:00:19.915516 /TM/CPU/pctOther                        0 %
00:00:19.915525 /TM/MaxHzHint                           0 Hz
00:00:19.915536 /TM/PIT/Handler                         0 ticks/call (           0 ticks,       0 times, max         0, min      -1)
00:00:19.915546 /TM/PIT/Irq                             0 times
00:00:19.915556 /TM/R3/1nsSteps                         1 times
00:00:19.915565 /TM/TSC/offCPU0                         0 ticks
00:00:19.915590 /TM/VirtualSync/CurrentOffset      344578 ns
00:00:19.915599 /VUSB/0/cUrbsInPool                     0 count
00:00:19.915610 ********************* End of statistics **********************
00:00:19.919749 NAT: Zone(nm:mbuf_cluster, used:0)
00:00:19.920816 NAT: Zone(nm:mbuf_packet, used:0)
00:00:19.920846 NAT: Zone(nm:mbuf, used:0)
00:00:19.921115 NAT: Zone(nm:mbuf_jumbo_pagesize, used:0)
00:00:19.922389 NAT: Zone(nm:mbuf_jumbo_9k, used:0)
00:00:19.923518 NAT: Zone(nm:mbuf_jumbo_16k, used:0)
00:00:19.924118 NAT: Zone(nm:mbuf_ext_refcnt, used:0)
00:00:19.927718 NEM: Destroying partition 0000000001b51bf0 with its 1 VCpus...
00:00:19.928036 Changing the VM state from 'DESTROYING' to 'TERMINATED'
00:00:19.930279 Console: Machine state changed to 'PoweredOff'
00:00:20.483355 GUI: Passing request to close Runtime UI from machine-logic to UI session.
